14:27:40 **** Incremental Build of configuration Debug for project MAS-projekt ****
make pre-build main-build 
a9-linaro-pre-build-step
' '
make: Ništa za napraviti za `main-build'.
14:28:02 **** Incremental Build of configuration Debug for project MAS-projekt ****
make pre-build main-build 
a9-linaro-pre-build-step
' '
make: Ništa za napraviti za `main-build'.
14:44:55 **** Auto Build of configuration Debug for project MAS-projekt ****
make pre-build main-build 
a9-linaro-pre-build-step
' '
'Building file: ../src/echo.c'
'Invoking: ARM v7 gcc compiler'
arm-none-eabi-gcc -Wall -O0 -g3 -c -fmessage-length=0 -MT"src/echo.o" -mcpu=cortex-a9 -mfpu=vfpv3 -mfloat-abi=hard -I../../mas_camera_bsp/ps7_cortexa9_0/include -MMD -MP -MF"src/echo.d" -MT"src/echo.o" -o "src/echo.o" "../src/echo.c"
'Finished building: ../src/echo.c'
' '
'Building target: MAS-projekt.elf'
'Invoking: ARM v7 gcc linker'
arm-none-eabi-gcc -mcpu=cortex-a9 -mfpu=vfpv3 -mfloat-abi=hard -Wl,-build-id=none -specs=Xilinx.spec -Wl,-T -Wl,../src/lscript.ld -L../../mas_camera_bsp/ps7_cortexa9_0/lib -o "MAS-projekt.elf"  ./src/echo.o ./src/main.o ./src/platform.o ./src/platform_zynq.o   -Wl,--start-group,-lxil,-lgcc,-lc,--end-group -Wl,--start-group,-lxil,-llwip4,-lgcc,-lc,--end-group
'Finished building target: MAS-projekt.elf'
' '
'Invoking: ARM v7 Print Size'
arm-none-eabi-size MAS-projekt.elf  |tee "MAS-projekt.elf.size"
   text	   data	    bss	    dec	    hex	filename
 104076	   4260	2218288	2326624	 238060	MAS-projekt.elf
'Finished building: MAS-projekt.elf.size'
' '
14:45:24 **** Auto Build of configuration Debug for project MAS-projekt ****
make pre-build main-build 
a9-linaro-pre-build-step
' '
'Building file: ../src/echo.c'
'Invoking: ARM v7 gcc compiler'
arm-none-eabi-gcc -Wall -O0 -g3 -c -fmessage-length=0 -MT"src/echo.o" -mcpu=cortex-a9 -mfpu=vfpv3 -mfloat-abi=hard -I../../mas_camera_bsp/ps7_cortexa9_0/include -MMD -MP -MF"src/echo.d" -MT"src/echo.o" -o "src/echo.o" "../src/echo.c"
'Finished building: ../src/echo.c'
' '
'Building target: MAS-projekt.elf'
'Invoking: ARM v7 gcc linker'
arm-none-eabi-gcc -mcpu=cortex-a9 -mfpu=vfpv3 -mfloat-abi=hard -Wl,-build-id=none -specs=Xilinx.spec -Wl,-T -Wl,../src/lscript.ld -L../../mas_camera_bsp/ps7_cortexa9_0/lib -o "MAS-projekt.elf"  ./src/echo.o ./src/main.o ./src/platform.o ./src/platform_zynq.o   -Wl,--start-group,-lxil,-lgcc,-lc,--end-group -Wl,--start-group,-lxil,-llwip4,-lgcc,-lc,--end-group
'Finished building target: MAS-projekt.elf'
' '
'Invoking: ARM v7 Print Size'
arm-none-eabi-size MAS-projekt.elf  |tee "MAS-projekt.elf.size"
   text	   data	    bss	    dec	    hex	filename
 104148	   4260	2218288	2326696	 2380a8	MAS-projekt.elf
'Finished building: MAS-projekt.elf.size'
' '
14:45:40 **** Incremental Build of configuration Debug for project MAS-projekt ****
make pre-build main-build 
a9-linaro-pre-build-step
' '
make: Ništa za napraviti za `main-build'.
14:46:19 **** Incremental Build of configuration Debug for project MAS-projekt ****
make pre-build main-build 
a9-linaro-pre-build-step
' '
make: Ništa za napraviti za `main-build'.
14:48:51 **** Auto Build of configuration Debug for project MAS-projekt ****
make pre-build main-build 
a9-linaro-pre-build-step
' '
'Building file: ../src/echo.c'
'Invoking: ARM v7 gcc compiler'
arm-none-eabi-gcc -Wall -O0 -g3 -c -fmessage-length=0 -MT"src/echo.o" -mcpu=cortex-a9 -mfpu=vfpv3 -mfloat-abi=hard -I../../mas_camera_bsp/ps7_cortexa9_0/include -MMD -MP -MF"src/echo.d" -MT"src/echo.o" -o "src/echo.o" "../src/echo.c"
../src/echo.c: In function 'recv_callback':
../src/echo.c:63:7: warning: unused variable 'greeting2' [-Wunused-variable]
  char greeting2[] = "World";
       ^~~~~~~~~
'Finished building: ../src/echo.c'
' '
'Building target: MAS-projekt.elf'
'Invoking: ARM v7 gcc linker'
arm-none-eabi-gcc -mcpu=cortex-a9 -mfpu=vfpv3 -mfloat-abi=hard -Wl,-build-id=none -specs=Xilinx.spec -Wl,-T -Wl,../src/lscript.ld -L../../mas_camera_bsp/ps7_cortexa9_0/lib -o "MAS-projekt.elf"  ./src/echo.o ./src/main.o ./src/platform.o ./src/platform_zynq.o   -Wl,--start-group,-lxil,-lgcc,-lc,--end-group -Wl,--start-group,-lxil,-llwip4,-lgcc,-lc,--end-group
'Finished building target: MAS-projekt.elf'
' '
'Invoking: ARM v7 Print Size'
arm-none-eabi-size MAS-projekt.elf  |tee "MAS-projekt.elf.size"
   text	   data	    bss	    dec	    hex	filename
 104148	   4260	2218288	2326696	 2380a8	MAS-projekt.elf
'Finished building: MAS-projekt.elf.size'
' '
14:48:59 **** Incremental Build of configuration Debug for project MAS-projekt ****
make pre-build main-build 
a9-linaro-pre-build-step
' '
make: Ništa za napraviti za `main-build'.
14:49:53 **** Auto Build of configuration Debug for project MAS-projekt ****
make pre-build main-build 
a9-linaro-pre-build-step
' '
'Building file: ../src/echo.c'
'Invoking: ARM v7 gcc compiler'
arm-none-eabi-gcc -Wall -O0 -g3 -c -fmessage-length=0 -MT"src/echo.o" -mcpu=cortex-a9 -mfpu=vfpv3 -mfloat-abi=hard -I../../mas_camera_bsp/ps7_cortexa9_0/include -MMD -MP -MF"src/echo.d" -MT"src/echo.o" -o "src/echo.o" "../src/echo.c"
../src/echo.c: In function 'recv_callback':
../src/echo.c:63:7: warning: unused variable 'greeting2' [-Wunused-variable]
  char greeting2[] = "World";
       ^~~~~~~~~
'Finished building: ../src/echo.c'
' '
'Building target: MAS-projekt.elf'
'Invoking: ARM v7 gcc linker'
arm-none-eabi-gcc -mcpu=cortex-a9 -mfpu=vfpv3 -mfloat-abi=hard -Wl,-build-id=none -specs=Xilinx.spec -Wl,-T -Wl,../src/lscript.ld -L../../mas_camera_bsp/ps7_cortexa9_0/lib -o "MAS-projekt.elf"  ./src/echo.o ./src/main.o ./src/platform.o ./src/platform_zynq.o   -Wl,--start-group,-lxil,-lgcc,-lc,--end-group -Wl,--start-group,-lxil,-llwip4,-lgcc,-lc,--end-group
'Finished building target: MAS-projekt.elf'
' '
'Invoking: ARM v7 Print Size'
arm-none-eabi-size MAS-projekt.elf  |tee "MAS-projekt.elf.size"
   text	   data	    bss	    dec	    hex	filename
 104148	   4260	2218288	2326696	 2380a8	MAS-projekt.elf
'Finished building: MAS-projekt.elf.size'
' '
14:49:58 **** Incremental Build of configuration Debug for project MAS-projekt ****
make pre-build main-build 
a9-linaro-pre-build-step
' '
make: Ništa za napraviti za `main-build'.
14:50:50 **** Auto Build of configuration Debug for project MAS-projekt ****
make pre-build main-build 
a9-linaro-pre-build-step
' '
'Building file: ../src/echo.c'
'Invoking: ARM v7 gcc compiler'
arm-none-eabi-gcc -Wall -O0 -g3 -c -fmessage-length=0 -MT"src/echo.o" -mcpu=cortex-a9 -mfpu=vfpv3 -mfloat-abi=hard -I../../mas_camera_bsp/ps7_cortexa9_0/include -MMD -MP -MF"src/echo.d" -MT"src/echo.o" -o "src/echo.o" "../src/echo.c"
../src/echo.c: In function 'recv_callback':
../src/echo.c:63:7: warning: unused variable 'greeting2' [-Wunused-variable]
  char greeting2[] = "World";
       ^~~~~~~~~
'Finished building: ../src/echo.c'
' '
'Building target: MAS-projekt.elf'
'Invoking: ARM v7 gcc linker'
arm-none-eabi-gcc -mcpu=cortex-a9 -mfpu=vfpv3 -mfloat-abi=hard -Wl,-build-id=none -specs=Xilinx.spec -Wl,-T -Wl,../src/lscript.ld -L../../mas_camera_bsp/ps7_cortexa9_0/lib -o "MAS-projekt.elf"  ./src/echo.o ./src/main.o ./src/platform.o ./src/platform_zynq.o   -Wl,--start-group,-lxil,-lgcc,-lc,--end-group -Wl,--start-group,-lxil,-llwip4,-lgcc,-lc,--end-group
'Finished building target: MAS-projekt.elf'
' '
'Invoking: ARM v7 Print Size'
arm-none-eabi-size MAS-projekt.elf  |tee "MAS-projekt.elf.size"
   text	   data	    bss	    dec	    hex	filename
 104148	   4260	2218288	2326696	 2380a8	MAS-projekt.elf
'Finished building: MAS-projekt.elf.size'
' '
14:51:17 **** Incremental Build of configuration Debug for project MAS-projekt ****
make pre-build main-build 
a9-linaro-pre-build-step
' '
make: Ništa za napraviti za `main-build'.
15:34:28 **** Auto Build of configuration Debug for project MAS-projekt ****
make pre-build main-build 
a9-linaro-pre-build-step
' '
'Building file: ../src/main.c'
'Invoking: ARM v7 gcc compiler'
arm-none-eabi-gcc -Wall -O0 -g3 -c -fmessage-length=0 -MT"src/main.o" -mcpu=cortex-a9 -mfpu=vfpv3 -mfloat-abi=hard -I../../mas_camera_bsp/ps7_cortexa9_0/include -MMD -MP -MF"src/main.d" -MT"src/main.o" -o "src/main.o" "../src/main.c"
../src/main.c:409:27: warning: 'ov7670_image' defined but not used [-Wunused-variable]
 static struct regval_list ov7670_image[] = {
                           ^~~~~~~~~~~~
../src/main.c:402:27: warning: 'ov7670_test_bar' defined but not used [-Wunused-variable]
 static struct regval_list ov7670_test_bar[] = {
                           ^~~~~~~~~~~~~~~
../src/main.c:395:27: warning: 'ov7670_test_shift' defined but not used [-Wunused-variable]
 static struct regval_list ov7670_test_shift[] = {
                           ^~~~~~~~~~~~~~~~~
../src/main.c:359:27: warning: 'ov7670_fmt_yuv422' defined but not used [-Wunused-variable]
 static struct regval_list ov7670_fmt_yuv422[] = {
                           ^~~~~~~~~~~~~~~~~
'Finished building: ../src/main.c'
' '
'Building target: MAS-projekt.elf'
'Invoking: ARM v7 gcc linker'
arm-none-eabi-gcc -mcpu=cortex-a9 -mfpu=vfpv3 -mfloat-abi=hard -Wl,-build-id=none -specs=Xilinx.spec -Wl,-T -Wl,../src/lscript.ld -L../../mas_camera_bsp/ps7_cortexa9_0/lib -o "MAS-projekt.elf"  ./src/echo.o ./src/main.o ./src/platform.o ./src/platform_zynq.o   -Wl,--start-group,-lxil,-lgcc,-lc,--end-group -Wl,--start-group,-lxil,-llwip4,-lgcc,-lc,--end-group
'Finished building target: MAS-projekt.elf'
' '
'Invoking: ARM v7 Print Size'
arm-none-eabi-size MAS-projekt.elf  |tee "MAS-projekt.elf.size"
   text	   data	    bss	    dec	    hex	filename
 104148	   4260	2218288	2326696	 2380a8	MAS-projekt.elf
'Finished building: MAS-projekt.elf.size'
' '
22:28:13 **** Auto Build of configuration Debug for project MAS-projekt ****
make pre-build main-build 
a9-linaro-pre-build-step
' '
'Building file: ../src/echo.c'
'Invoking: ARM v7 gcc compiler'
arm-none-eabi-gcc -Wall -O0 -g3 -c -fmessage-length=0 -MT"src/echo.o" -mcpu=cortex-a9 -mfpu=vfpv3 -mfloat-abi=hard -I../../mas_camera_bsp/ps7_cortexa9_0/include -MMD -MP -MF"src/echo.d" -MT"src/echo.o" -o "src/echo.o" "../src/echo.c"
'Finished building: ../src/echo.c'
' '
'Building target: MAS-projekt.elf'
'Invoking: ARM v7 gcc linker'
arm-none-eabi-gcc -mcpu=cortex-a9 -mfpu=vfpv3 -mfloat-abi=hard -Wl,-build-id=none -specs=Xilinx.spec -Wl,-T -Wl,../src/lscript.ld -L../../mas_camera_bsp/ps7_cortexa9_0/lib -o "MAS-projekt.elf"  ./src/echo.o ./src/main.o ./src/platform.o ./src/platform_zynq.o   -Wl,--start-group,-lxil,-lgcc,-lc,--end-group -Wl,--start-group,-lxil,-llwip4,-lgcc,-lc,--end-group
'Finished building target: MAS-projekt.elf'
' '
'Invoking: ARM v7 Print Size'
arm-none-eabi-size MAS-projekt.elf  |tee "MAS-projekt.elf.size"
   text	   data	    bss	    dec	    hex	filename
 104148	   4260	2218288	2326696	 2380a8	MAS-projekt.elf
'Finished building: MAS-projekt.elf.size'
' '
22:28:41 **** Incremental Build of configuration Debug for project MAS-projekt ****
make pre-build main-build 
a9-linaro-pre-build-step
' '
make: Ništa za napraviti za `main-build'.
22:30:49 **** Auto Build of configuration Debug for project MAS-projekt ****
make pre-build main-build 
a9-linaro-pre-build-step
' '
'Building file: ../src/echo.c'
'Invoking: ARM v7 gcc compiler'
arm-none-eabi-gcc -Wall -O0 -g3 -c -fmessage-length=0 -MT"src/echo.o" -mcpu=cortex-a9 -mfpu=vfpv3 -mfloat-abi=hard -I../../mas_camera_bsp/ps7_cortexa9_0/include -MMD -MP -MF"src/echo.d" -MT"src/echo.o" -o "src/echo.o" "../src/echo.c"
'Finished building: ../src/echo.c'
' '
'Building target: MAS-projekt.elf'
'Invoking: ARM v7 gcc linker'
arm-none-eabi-gcc -mcpu=cortex-a9 -mfpu=vfpv3 -mfloat-abi=hard -Wl,-build-id=none -specs=Xilinx.spec -Wl,-T -Wl,../src/lscript.ld -L../../mas_camera_bsp/ps7_cortexa9_0/lib -o "MAS-projekt.elf"  ./src/echo.o ./src/main.o ./src/platform.o ./src/platform_zynq.o   -Wl,--start-group,-lxil,-lgcc,-lc,--end-group -Wl,--start-group,-lxil,-llwip4,-lgcc,-lc,--end-group
'Finished building target: MAS-projekt.elf'
' '
'Invoking: ARM v7 Print Size'
arm-none-eabi-size MAS-projekt.elf  |tee "MAS-projekt.elf.size"
   text	   data	    bss	    dec	    hex	filename
 104088	   4260	2218288	2326636	 23806c	MAS-projekt.elf
'Finished building: MAS-projekt.elf.size'
' '
22:32:26 **** Incremental Build of configuration Debug for project MAS-projekt ****
make pre-build main-build 
a9-linaro-pre-build-step
' '
make: Ništa za napraviti za `main-build'.
22:36:48 **** Auto Build of configuration Debug for project MAS-projekt ****
make pre-build main-build 
a9-linaro-pre-build-step
' '
'Building file: ../src/echo.c'
'Invoking: ARM v7 gcc compiler'
arm-none-eabi-gcc -Wall -O0 -g3 -c -fmessage-length=0 -MT"src/echo.o" -mcpu=cortex-a9 -mfpu=vfpv3 -mfloat-abi=hard -I../../mas_camera_bsp/ps7_cortexa9_0/include -MMD -MP -MF"src/echo.d" -MT"src/echo.o" -o "src/echo.o" "../src/echo.c"
'Finished building: ../src/echo.c'
' '
'Building target: MAS-projekt.elf'
'Invoking: ARM v7 gcc linker'
arm-none-eabi-gcc -mcpu=cortex-a9 -mfpu=vfpv3 -mfloat-abi=hard -Wl,-build-id=none -specs=Xilinx.spec -Wl,-T -Wl,../src/lscript.ld -L../../mas_camera_bsp/ps7_cortexa9_0/lib -o "MAS-projekt.elf"  ./src/echo.o ./src/main.o ./src/platform.o ./src/platform_zynq.o   -Wl,--start-group,-lxil,-lgcc,-lc,--end-group -Wl,--start-group,-lxil,-llwip4,-lgcc,-lc,--end-group
'Finished building target: MAS-projekt.elf'
' '
'Invoking: ARM v7 Print Size'
arm-none-eabi-size MAS-projekt.elf  |tee "MAS-projekt.elf.size"
   text	   data	    bss	    dec	    hex	filename
 104088	   4260	2218288	2326636	 23806c	MAS-projekt.elf
'Finished building: MAS-projekt.elf.size'
' '
22:37:14 **** Incremental Build of configuration Debug for project MAS-projekt ****
make pre-build main-build 
a9-linaro-pre-build-step
' '
make: Ništa za napraviti za `main-build'.
22:46:28 **** Auto Build of configuration Debug for project MAS-projekt ****
make pre-build main-build 
a9-linaro-pre-build-step
' '
'Building file: ../src/echo.c'
'Invoking: ARM v7 gcc compiler'
arm-none-eabi-gcc -Wall -O0 -g3 -c -fmessage-length=0 -MT"src/echo.o" -mcpu=cortex-a9 -mfpu=vfpv3 -mfloat-abi=hard -I../../mas_camera_bsp/ps7_cortexa9_0/include -MMD -MP -MF"src/echo.d" -MT"src/echo.o" -o "src/echo.o" "../src/echo.c"
'Finished building: ../src/echo.c'
' '
'Building target: MAS-projekt.elf'
'Invoking: ARM v7 gcc linker'
arm-none-eabi-gcc -mcpu=cortex-a9 -mfpu=vfpv3 -mfloat-abi=hard -Wl,-build-id=none -specs=Xilinx.spec -Wl,-T -Wl,../src/lscript.ld -L../../mas_camera_bsp/ps7_cortexa9_0/lib -o "MAS-projekt.elf"  ./src/echo.o ./src/main.o ./src/platform.o ./src/platform_zynq.o   -Wl,--start-group,-lxil,-lgcc,-lc,--end-group -Wl,--start-group,-lxil,-llwip4,-lgcc,-lc,--end-group
'Finished building target: MAS-projekt.elf'
' '
'Invoking: ARM v7 Print Size'
arm-none-eabi-size MAS-projekt.elf  |tee "MAS-projekt.elf.size"
   text	   data	    bss	    dec	    hex	filename
 104076	   4260	2218288	2326624	 238060	MAS-projekt.elf
'Finished building: MAS-projekt.elf.size'
' '
22:46:32 **** Incremental Build of configuration Debug for project MAS-projekt ****
make pre-build main-build 
a9-linaro-pre-build-step
' '
make: Ništa za napraviti za `main-build'.
22:51:24 **** Auto Build of configuration Debug for project MAS-projekt ****
make pre-build main-build 
a9-linaro-pre-build-step
' '
'Building file: ../src/echo.c'
'Invoking: ARM v7 gcc compiler'
arm-none-eabi-gcc -Wall -O0 -g3 -c -fmessage-length=0 -MT"src/echo.o" -mcpu=cortex-a9 -mfpu=vfpv3 -mfloat-abi=hard -I../../mas_camera_bsp/ps7_cortexa9_0/include -MMD -MP -MF"src/echo.d" -MT"src/echo.o" -o "src/echo.o" "../src/echo.c"
'Finished building: ../src/echo.c'
' '
'Building target: MAS-projekt.elf'
'Invoking: ARM v7 gcc linker'
arm-none-eabi-gcc -mcpu=cortex-a9 -mfpu=vfpv3 -mfloat-abi=hard -Wl,-build-id=none -specs=Xilinx.spec -Wl,-T -Wl,../src/lscript.ld -L../../mas_camera_bsp/ps7_cortexa9_0/lib -o "MAS-projekt.elf"  ./src/echo.o ./src/main.o ./src/platform.o ./src/platform_zynq.o   -Wl,--start-group,-lxil,-lgcc,-lc,--end-group -Wl,--start-group,-lxil,-llwip4,-lgcc,-lc,--end-group
'Finished building target: MAS-projekt.elf'
' '
'Invoking: ARM v7 Print Size'
arm-none-eabi-size MAS-projekt.elf  |tee "MAS-projekt.elf.size"
   text	   data	    bss	    dec	    hex	filename
 104144	   4260	2218288	2326692	 2380a4	MAS-projekt.elf
'Finished building: MAS-projekt.elf.size'
' '
22:51:28 **** Auto Build of configuration Debug for project MAS-projekt ****
make pre-build main-build 
a9-linaro-pre-build-step
' '
'Building file: ../src/echo.c'
'Invoking: ARM v7 gcc compiler'
arm-none-eabi-gcc -Wall -O0 -g3 -c -fmessage-length=0 -MT"src/echo.o" -mcpu=cortex-a9 -mfpu=vfpv3 -mfloat-abi=hard -I../../mas_camera_bsp/ps7_cortexa9_0/include -MMD -MP -MF"src/echo.d" -MT"src/echo.o" -o "src/echo.o" "../src/echo.c"
'Finished building: ../src/echo.c'
' '
'Building target: MAS-projekt.elf'
'Invoking: ARM v7 gcc linker'
arm-none-eabi-gcc -mcpu=cortex-a9 -mfpu=vfpv3 -mfloat-abi=hard -Wl,-build-id=none -specs=Xilinx.spec -Wl,-T -Wl,../src/lscript.ld -L../../mas_camera_bsp/ps7_cortexa9_0/lib -o "MAS-projekt.elf"  ./src/echo.o ./src/main.o ./src/platform.o ./src/platform_zynq.o   -Wl,--start-group,-lxil,-lgcc,-lc,--end-group -Wl,--start-group,-lxil,-llwip4,-lgcc,-lc,--end-group
'Finished building target: MAS-projekt.elf'
' '
'Invoking: ARM v7 Print Size'
arm-none-eabi-size MAS-projekt.elf  |tee "MAS-projekt.elf.size"
   text	   data	    bss	    dec	    hex	filename
 104144	   4260	2218288	2326692	 2380a4	MAS-projekt.elf
'Finished building: MAS-projekt.elf.size'
' '
22:51:32 **** Incremental Build of configuration Debug for project MAS-projekt ****
make pre-build main-build 
a9-linaro-pre-build-step
' '
make: Ništa za napraviti za `main-build'.
09:21:41 **** Auto Build of configuration Debug for project MAS-projekt ****
make pre-build main-build 
a9-linaro-pre-build-step
' '
'Building file: ../src/echo.c'
'Invoking: ARM v7 gcc compiler'
arm-none-eabi-gcc -Wall -O0 -g3 -c -fmessage-length=0 -MT"src/echo.o" -mcpu=cortex-a9 -mfpu=vfpv3 -mfloat-abi=hard -I../../mas_camera_bsp/ps7_cortexa9_0/include -MMD -MP -MF"src/echo.d" -MT"src/echo.o" -o "src/echo.o" "../src/echo.c"
../src/echo.c: In function 'recv_callback':
../src/echo.c:64:3: error: 'greting1' undeclared (first use in this function)
   greting1[i] = i % 256;
   ^~~~~~~~
../src/echo.c:64:3: note: each undeclared identifier is reported only once for each function it appears in
make: *** [src/echo.o] Greška 1
09:21:57 **** Auto Build of configuration Debug for project MAS-projekt ****
make pre-build main-build 
a9-linaro-pre-build-step
' '
'Building file: ../src/echo.c'
'Invoking: ARM v7 gcc compiler'
arm-none-eabi-gcc -Wall -O0 -g3 -c -fmessage-length=0 -MT"src/echo.o" -mcpu=cortex-a9 -mfpu=vfpv3 -mfloat-abi=hard -I../../mas_camera_bsp/ps7_cortexa9_0/include -MMD -MP -MF"src/echo.d" -MT"src/echo.o" -o "src/echo.o" "../src/echo.c"
'Finished building: ../src/echo.c'
' '
'Building target: MAS-projekt.elf'
'Invoking: ARM v7 gcc linker'
arm-none-eabi-gcc -mcpu=cortex-a9 -mfpu=vfpv3 -mfloat-abi=hard -Wl,-build-id=none -specs=Xilinx.spec -Wl,-T -Wl,../src/lscript.ld -L../../mas_camera_bsp/ps7_cortexa9_0/lib -o "MAS-projekt.elf"  ./src/echo.o ./src/main.o ./src/platform.o ./src/platform_zynq.o   -Wl,--start-group,-lxil,-lgcc,-lc,--end-group -Wl,--start-group,-lxil,-llwip4,-lgcc,-lc,--end-group
'Finished building target: MAS-projekt.elf'
' '
'Invoking: ARM v7 Print Size'
arm-none-eabi-size MAS-projekt.elf  |tee "MAS-projekt.elf.size"
   text	   data	    bss	    dec	    hex	filename
 104328	   4260	2218288	2326876	 23815c	MAS-projekt.elf
'Finished building: MAS-projekt.elf.size'
' '
09:22:17 **** Incremental Build of configuration Debug for project MAS-projekt ****
make pre-build main-build 
a9-linaro-pre-build-step
' '
make: Ništa za napraviti za `main-build'.
09:22:58 **** Auto Build of configuration Debug for project MAS-projekt ****
make pre-build main-build 
a9-linaro-pre-build-step
' '
'Building file: ../src/echo.c'
'Invoking: ARM v7 gcc compiler'
arm-none-eabi-gcc -Wall -O0 -g3 -c -fmessage-length=0 -MT"src/echo.o" -mcpu=cortex-a9 -mfpu=vfpv3 -mfloat-abi=hard -I../../mas_camera_bsp/ps7_cortexa9_0/include -MMD -MP -MF"src/echo.d" -MT"src/echo.o" -o "src/echo.o" "../src/echo.c"
'Finished building: ../src/echo.c'
' '
'Building target: MAS-projekt.elf'
'Invoking: ARM v7 gcc linker'
arm-none-eabi-gcc -mcpu=cortex-a9 -mfpu=vfpv3 -mfloat-abi=hard -Wl,-build-id=none -specs=Xilinx.spec -Wl,-T -Wl,../src/lscript.ld -L../../mas_camera_bsp/ps7_cortexa9_0/lib -o "MAS-projekt.elf"  ./src/echo.o ./src/main.o ./src/platform.o ./src/platform_zynq.o   -Wl,--start-group,-lxil,-lgcc,-lc,--end-group -Wl,--start-group,-lxil,-llwip4,-lgcc,-lc,--end-group
'Finished building target: MAS-projekt.elf'
' '
'Invoking: ARM v7 Print Size'
arm-none-eabi-size MAS-projekt.elf  |tee "MAS-projekt.elf.size"
   text	   data	    bss	    dec	    hex	filename
 104328	   4260	2218288	2326876	 23815c	MAS-projekt.elf
'Finished building: MAS-projekt.elf.size'
' '
09:23:03 **** Incremental Build of configuration Debug for project MAS-projekt ****
make pre-build main-build 
a9-linaro-pre-build-step
' '
make: Ništa za napraviti za `main-build'.
09:26:22 **** Auto Build of configuration Debug for project MAS-projekt ****
make pre-build main-build 
a9-linaro-pre-build-step
' '
'Building file: ../src/echo.c'
'Invoking: ARM v7 gcc compiler'
arm-none-eabi-gcc -Wall -O0 -g3 -c -fmessage-length=0 -MT"src/echo.o" -mcpu=cortex-a9 -mfpu=vfpv3 -mfloat-abi=hard -I../../mas_camera_bsp/ps7_cortexa9_0/include -MMD -MP -MF"src/echo.d" -MT"src/echo.o" -o "src/echo.o" "../src/echo.c"
'Finished building: ../src/echo.c'
' '
'Building target: MAS-projekt.elf'
'Invoking: ARM v7 gcc linker'
arm-none-eabi-gcc -mcpu=cortex-a9 -mfpu=vfpv3 -mfloat-abi=hard -Wl,-build-id=none -specs=Xilinx.spec -Wl,-T -Wl,../src/lscript.ld -L../../mas_camera_bsp/ps7_cortexa9_0/lib -o "MAS-projekt.elf"  ./src/echo.o ./src/main.o ./src/platform.o ./src/platform_zynq.o   -Wl,--start-group,-lxil,-lgcc,-lc,--end-group -Wl,--start-group,-lxil,-llwip4,-lgcc,-lc,--end-group
'Finished building target: MAS-projekt.elf'
' '
'Invoking: ARM v7 Print Size'
arm-none-eabi-size MAS-projekt.elf  |tee "MAS-projekt.elf.size"
   text	   data	    bss	    dec	    hex	filename
 104328	   4260	2218288	2326876	 23815c	MAS-projekt.elf
'Finished building: MAS-projekt.elf.size'
' '
09:26:46 **** Incremental Build of configuration Debug for project MAS-projekt ****
make pre-build main-build 
a9-linaro-pre-build-step
' '
make: Ništa za napraviti za `main-build'.
09:36:13 **** Auto Build of configuration Debug for project MAS-projekt ****
make pre-build main-build 
a9-linaro-pre-build-step
' '
'Building file: ../src/echo.c'
'Invoking: ARM v7 gcc compiler'
arm-none-eabi-gcc -Wall -O0 -g3 -c -fmessage-length=0 -MT"src/echo.o" -mcpu=cortex-a9 -mfpu=vfpv3 -mfloat-abi=hard -I../../mas_camera_bsp/ps7_cortexa9_0/include -MMD -MP -MF"src/echo.d" -MT"src/echo.o" -o "src/echo.o" "../src/echo.c"
'Finished building: ../src/echo.c'
' '
'Building target: MAS-projekt.elf'
'Invoking: ARM v7 gcc linker'
arm-none-eabi-gcc -mcpu=cortex-a9 -mfpu=vfpv3 -mfloat-abi=hard -Wl,-build-id=none -specs=Xilinx.spec -Wl,-T -Wl,../src/lscript.ld -L../../mas_camera_bsp/ps7_cortexa9_0/lib -o "MAS-projekt.elf"  ./src/echo.o ./src/main.o ./src/platform.o ./src/platform_zynq.o   -Wl,--start-group,-lxil,-lgcc,-lc,--end-group -Wl,--start-group,-lxil,-llwip4,-lgcc,-lc,--end-group
'Finished building target: MAS-projekt.elf'
' '
'Invoking: ARM v7 Print Size'
arm-none-eabi-size MAS-projekt.elf  |tee "MAS-projekt.elf.size"
   text	   data	    bss	    dec	    hex	filename
 104456	   4260	2218288	2327004	 2381dc	MAS-projekt.elf
'Finished building: MAS-projekt.elf.size'
' '
09:36:21 **** Incremental Build of configuration Debug for project MAS-projekt ****
make pre-build main-build 
a9-linaro-pre-build-step
' '
make: Ništa za napraviti za `main-build'.
09:52:24 **** Auto Build of configuration Debug for project MAS-projekt ****
make pre-build main-build 
a9-linaro-pre-build-step
' '
'Building file: ../src/echo.c'
'Invoking: ARM v7 gcc compiler'
arm-none-eabi-gcc -Wall -O0 -g3 -c -fmessage-length=0 -MT"src/echo.o" -mcpu=cortex-a9 -mfpu=vfpv3 -mfloat-abi=hard -I../../mas_camera_bsp/ps7_cortexa9_0/include -MMD -MP -MF"src/echo.d" -MT"src/echo.o" -o "src/echo.o" "../src/echo.c"
../src/echo.c: In function 'recv_callback':
../src/echo.c:65:3: error: 'greeting2' undeclared (first use in this function)
   greeting2[i] = 255 - (i % 256);
   ^~~~~~~~~
../src/echo.c:65:3: note: each undeclared identifier is reported only once for each function it appears in
make: *** [src/echo.o] Greška 1
09:52:39 **** Auto Build of configuration Debug for project MAS-projekt ****
make pre-build main-build 
a9-linaro-pre-build-step
' '
'Building file: ../src/echo.c'
'Invoking: ARM v7 gcc compiler'
arm-none-eabi-gcc -Wall -O0 -g3 -c -fmessage-length=0 -MT"src/echo.o" -mcpu=cortex-a9 -mfpu=vfpv3 -mfloat-abi=hard -I../../mas_camera_bsp/ps7_cortexa9_0/include -MMD -MP -MF"src/echo.d" -MT"src/echo.o" -o "src/echo.o" "../src/echo.c"
'Finished building: ../src/echo.c'
' '
'Building target: MAS-projekt.elf'
'Invoking: ARM v7 gcc linker'
arm-none-eabi-gcc -mcpu=cortex-a9 -mfpu=vfpv3 -mfloat-abi=hard -Wl,-build-id=none -specs=Xilinx.spec -Wl,-T -Wl,../src/lscript.ld -L../../mas_camera_bsp/ps7_cortexa9_0/lib -o "MAS-projekt.elf"  ./src/echo.o ./src/main.o ./src/platform.o ./src/platform_zynq.o   -Wl,--start-group,-lxil,-lgcc,-lc,--end-group -Wl,--start-group,-lxil,-llwip4,-lgcc,-lc,--end-group
'Finished building target: MAS-projekt.elf'
' '
'Invoking: ARM v7 Print Size'
arm-none-eabi-size MAS-projekt.elf  |tee "MAS-projekt.elf.size"
   text	   data	    bss	    dec	    hex	filename
 104164	   4260	2218288	2326712	 2380b8	MAS-projekt.elf
'Finished building: MAS-projekt.elf.size'
' '
09:52:54 **** Incremental Build of configuration Debug for project MAS-projekt ****
make pre-build main-build 
a9-linaro-pre-build-step
' '
make: Ništa za napraviti za `main-build'.
09:53:34 **** Incremental Build of configuration Debug for project MAS-projekt ****
make pre-build main-build 
a9-linaro-pre-build-step
' '
make: Ništa za napraviti za `main-build'.
09:54:56 **** Auto Build of configuration Debug for project MAS-projekt ****
make pre-build main-build 
a9-linaro-pre-build-step
' '
'Building file: ../src/echo.c'
'Invoking: ARM v7 gcc compiler'
arm-none-eabi-gcc -Wall -O0 -g3 -c -fmessage-length=0 -MT"src/echo.o" -mcpu=cortex-a9 -mfpu=vfpv3 -mfloat-abi=hard -I../../mas_camera_bsp/ps7_cortexa9_0/include -MMD -MP -MF"src/echo.d" -MT"src/echo.o" -o "src/echo.o" "../src/echo.c"
../src/echo.c: In function 'accept_callback':
../src/echo.c:90:19: error: 'recv_callback' undeclared (first use in this function)
  tcp_recv(newpcb, recv_callback);
                   ^~~~~~~~~~~~~
../src/echo.c:90:19: note: each undeclared identifier is reported only once for each function it appears in
make: *** [src/echo.o] Greška 1
09:55:02 **** Auto Build of configuration Debug for project MAS-projekt ****
make pre-build main-build 
a9-linaro-pre-build-step
' '
'Building file: ../src/echo.c'
'Invoking: ARM v7 gcc compiler'
arm-none-eabi-gcc -Wall -O0 -g3 -c -fmessage-length=0 -MT"src/echo.o" -mcpu=cortex-a9 -mfpu=vfpv3 -mfloat-abi=hard -I../../mas_camera_bsp/ps7_cortexa9_0/include -MMD -MP -MF"src/echo.d" -MT"src/echo.o" -o "src/echo.o" "../src/echo.c"
../src/echo.c: In function 'accept_callback':
../src/echo.c:90:19: error: 'recv_callback' undeclared (first use in this function)
  tcp_recv(newpcb, recv_callback);
                   ^~~~~~~~~~~~~
../src/echo.c:90:19: note: each undeclared identifier is reported only once for each function it appears in
make: *** [src/echo.o] Greška 1
09:59:26 **** Auto Build of configuration Debug for project MAS-projekt ****
make pre-build main-build 
a9-linaro-pre-build-step
' '
'Building file: ../src/echo.c'
'Invoking: ARM v7 gcc compiler'
arm-none-eabi-gcc -Wall -O0 -g3 -c -fmessage-length=0 -MT"src/echo.o" -mcpu=cortex-a9 -mfpu=vfpv3 -mfloat-abi=hard -I../../mas_camera_bsp/ps7_cortexa9_0/include -MMD -MP -MF"src/echo.d" -MT"src/echo.o" -o "src/echo.o" "../src/echo.c"
../src/echo.c: In function 'accept_callback':
../src/echo.c:90:19: error: 'recv_callback' undeclared (first use in this function)
  tcp_recv(newpcb, recv_callback);
                   ^~~~~~~~~~~~~
../src/echo.c:90:19: note: each undeclared identifier is reported only once for each function it appears in
make: *** [src/echo.o] Greška 1
09:59:57 **** Auto Build of configuration Debug for project MAS-projekt ****
make pre-build main-build 
a9-linaro-pre-build-step
' '
'Building file: ../src/echo.c'
'Invoking: ARM v7 gcc compiler'
arm-none-eabi-gcc -Wall -O0 -g3 -c -fmessage-length=0 -MT"src/echo.o" -mcpu=cortex-a9 -mfpu=vfpv3 -mfloat-abi=hard -I../../mas_camera_bsp/ps7_cortexa9_0/include -MMD -MP -MF"src/echo.d" -MT"src/echo.o" -o "src/echo.o" "../src/echo.c"
../src/echo.c: In function 'accept_callback':
../src/echo.c:90:19: error: 'recv_callback' undeclared (first use in this function)
  tcp_recv(newpcb, recv_callback);
                   ^~~~~~~~~~~~~
../src/echo.c:90:19: note: each undeclared identifier is reported only once for each function it appears in
make: *** [src/echo.o] Greška 1
10:00:00 **** Auto Build of configuration Debug for project MAS-projekt ****
make pre-build main-build 
a9-linaro-pre-build-step
' '
'Building file: ../src/echo.c'
'Invoking: ARM v7 gcc compiler'
arm-none-eabi-gcc -Wall -O0 -g3 -c -fmessage-length=0 -MT"src/echo.o" -mcpu=cortex-a9 -mfpu=vfpv3 -mfloat-abi=hard -I../../mas_camera_bsp/ps7_cortexa9_0/include -MMD -MP -MF"src/echo.d" -MT"src/echo.o" -o "src/echo.o" "../src/echo.c"
'Finished building: ../src/echo.c'
' '
'Building file: ../src/main.c'
'Invoking: ARM v7 gcc compiler'
arm-none-eabi-gcc -Wall -O0 -g3 -c -fmessage-length=0 -MT"src/main.o" -mcpu=cortex-a9 -mfpu=vfpv3 -mfloat-abi=hard -I../../mas_camera_bsp/ps7_cortexa9_0/include -MMD -MP -MF"src/main.d" -MT"src/main.o" -o "src/main.o" "../src/main.c"
../src/main.c:410:27: warning: 'ov7670_image' defined but not used [-Wunused-variable]
 static struct regval_list ov7670_image[] = {
                           ^~~~~~~~~~~~
../src/main.c:403:27: warning: 'ov7670_test_bar' defined but not used [-Wunused-variable]
 static struct regval_list ov7670_test_bar[] = {
                           ^~~~~~~~~~~~~~~
../src/main.c:396:27: warning: 'ov7670_test_shift' defined but not used [-Wunused-variable]
 static struct regval_list ov7670_test_shift[] = {
                           ^~~~~~~~~~~~~~~~~
../src/main.c:360:27: warning: 'ov7670_fmt_yuv422' defined but not used [-Wunused-variable]
 static struct regval_list ov7670_fmt_yuv422[] = {
                           ^~~~~~~~~~~~~~~~~
'Finished building: ../src/main.c'
' '
'Building target: MAS-projekt.elf'
'Invoking: ARM v7 gcc linker'
arm-none-eabi-gcc -mcpu=cortex-a9 -mfpu=vfpv3 -mfloat-abi=hard -Wl,-build-id=none -specs=Xilinx.spec -Wl,-T -Wl,../src/lscript.ld -L../../mas_camera_bsp/ps7_cortexa9_0/lib -o "MAS-projekt.elf"  ./src/echo.o ./src/main.o ./src/platform.o ./src/platform_zynq.o   -Wl,--start-group,-lxil,-lgcc,-lc,--end-group -Wl,--start-group,-lxil,-llwip4,-lgcc,-lc,--end-group
'Finished building target: MAS-projekt.elf'
' '
'Invoking: ARM v7 Print Size'
arm-none-eabi-size MAS-projekt.elf  |tee "MAS-projekt.elf.size"
   text	   data	    bss	    dec	    hex	filename
 104164	   4260	2218288	2326712	 2380b8	MAS-projekt.elf
'Finished building: MAS-projekt.elf.size'
' '
10:01:11 **** Auto Build of configuration Debug for project MAS-projekt ****
make pre-build main-build 
a9-linaro-pre-build-step
' '
'Building file: ../src/main.c'
'Invoking: ARM v7 gcc compiler'
arm-none-eabi-gcc -Wall -O0 -g3 -c -fmessage-length=0 -MT"src/main.o" -mcpu=cortex-a9 -mfpu=vfpv3 -mfloat-abi=hard -I../../mas_camera_bsp/ps7_cortexa9_0/include -MMD -MP -MF"src/main.d" -MT"src/main.o" -o "src/main.o" "../src/main.c"
../src/main.c:410:27: warning: 'ov7670_image' defined but not used [-Wunused-variable]
 static struct regval_list ov7670_image[] = {
                           ^~~~~~~~~~~~
../src/main.c:403:27: warning: 'ov7670_test_bar' defined but not used [-Wunused-variable]
 static struct regval_list ov7670_test_bar[] = {
                           ^~~~~~~~~~~~~~~
../src/main.c:396:27: warning: 'ov7670_test_shift' defined but not used [-Wunused-variable]
 static struct regval_list ov7670_test_shift[] = {
                           ^~~~~~~~~~~~~~~~~
../src/main.c:360:27: warning: 'ov7670_fmt_yuv422' defined but not used [-Wunused-variable]
 static struct regval_list ov7670_fmt_yuv422[] = {
                           ^~~~~~~~~~~~~~~~~
'Finished building: ../src/main.c'
' '
'Building target: MAS-projekt.elf'
'Invoking: ARM v7 gcc linker'
arm-none-eabi-gcc -mcpu=cortex-a9 -mfpu=vfpv3 -mfloat-abi=hard -Wl,-build-id=none -specs=Xilinx.spec -Wl,-T -Wl,../src/lscript.ld -L../../mas_camera_bsp/ps7_cortexa9_0/lib -o "MAS-projekt.elf"  ./src/echo.o ./src/main.o ./src/platform.o ./src/platform_zynq.o   -Wl,--start-group,-lxil,-lgcc,-lc,--end-group -Wl,--start-group,-lxil,-llwip4,-lgcc,-lc,--end-group
'Finished building target: MAS-projekt.elf'
' '
'Invoking: ARM v7 Print Size'
arm-none-eabi-size MAS-projekt.elf  |tee "MAS-projekt.elf.size"
   text	   data	    bss	    dec	    hex	filename
 104164	   4260	2218288	2326712	 2380b8	MAS-projekt.elf
'Finished building: MAS-projekt.elf.size'
' '
10:01:20 **** Incremental Build of configuration Debug for project MAS-projekt ****
make pre-build main-build 
a9-linaro-pre-build-step
' '
make: Ništa za napraviti za `main-build'.
10:03:00 **** Auto Build of configuration Debug for project MAS-projekt ****
make pre-build main-build 
a9-linaro-pre-build-step
' '
'Building file: ../src/main.c'
'Invoking: ARM v7 gcc compiler'
arm-none-eabi-gcc -Wall -O0 -g3 -c -fmessage-length=0 -MT"src/main.o" -mcpu=cortex-a9 -mfpu=vfpv3 -mfloat-abi=hard -I../../mas_camera_bsp/ps7_cortexa9_0/include -MMD -MP -MF"src/main.d" -MT"src/main.o" -o "src/main.o" "../src/main.c"
../src/main.c:410:27: warning: 'ov7670_image' defined but not used [-Wunused-variable]
 static struct regval_list ov7670_image[] = {
                           ^~~~~~~~~~~~
../src/main.c:403:27: warning: 'ov7670_test_bar' defined but not used [-Wunused-variable]
 static struct regval_list ov7670_test_bar[] = {
                           ^~~~~~~~~~~~~~~
../src/main.c:396:27: warning: 'ov7670_test_shift' defined but not used [-Wunused-variable]
 static struct regval_list ov7670_test_shift[] = {
                           ^~~~~~~~~~~~~~~~~
../src/main.c:360:27: warning: 'ov7670_fmt_yuv422' defined but not used [-Wunused-variable]
 static struct regval_list ov7670_fmt_yuv422[] = {
                           ^~~~~~~~~~~~~~~~~
'Finished building: ../src/main.c'
' '
'Building target: MAS-projekt.elf'
'Invoking: ARM v7 gcc linker'
arm-none-eabi-gcc -mcpu=cortex-a9 -mfpu=vfpv3 -mfloat-abi=hard -Wl,-build-id=none -specs=Xilinx.spec -Wl,-T -Wl,../src/lscript.ld -L../../mas_camera_bsp/ps7_cortexa9_0/lib -o "MAS-projekt.elf"  ./src/echo.o ./src/main.o ./src/platform.o ./src/platform_zynq.o   -Wl,--start-group,-lxil,-lgcc,-lc,--end-group -Wl,--start-group,-lxil,-llwip4,-lgcc,-lc,--end-group
'Finished building target: MAS-projekt.elf'
' '
'Invoking: ARM v7 Print Size'
arm-none-eabi-size MAS-projekt.elf  |tee "MAS-projekt.elf.size"
   text	   data	    bss	    dec	    hex	filename
 104940	   4260	2218288	2327488	 2383c0	MAS-projekt.elf
'Finished building: MAS-projekt.elf.size'
' '
10:03:11 **** Incremental Build of configuration Debug for project MAS-projekt ****
make pre-build main-build 
a9-linaro-pre-build-step
' '
make: Ništa za napraviti za `main-build'.
10:05:52 **** Auto Build of configuration Debug for project MAS-projekt ****
make pre-build main-build 
a9-linaro-pre-build-step
' '
'Building file: ../src/main.c'
'Invoking: ARM v7 gcc compiler'
arm-none-eabi-gcc -Wall -O0 -g3 -c -fmessage-length=0 -MT"src/main.o" -mcpu=cortex-a9 -mfpu=vfpv3 -mfloat-abi=hard -I../../mas_camera_bsp/ps7_cortexa9_0/include -MMD -MP -MF"src/main.d" -MT"src/main.o" -o "src/main.o" "../src/main.c"
../src/main.c:410:27: warning: 'ov7670_image' defined but not used [-Wunused-variable]
 static struct regval_list ov7670_image[] = {
                           ^~~~~~~~~~~~
../src/main.c:403:27: warning: 'ov7670_test_bar' defined but not used [-Wunused-variable]
 static struct regval_list ov7670_test_bar[] = {
                           ^~~~~~~~~~~~~~~
../src/main.c:396:27: warning: 'ov7670_test_shift' defined but not used [-Wunused-variable]
 static struct regval_list ov7670_test_shift[] = {
                           ^~~~~~~~~~~~~~~~~
../src/main.c:360:27: warning: 'ov7670_fmt_yuv422' defined but not used [-Wunused-variable]
 static struct regval_list ov7670_fmt_yuv422[] = {
                           ^~~~~~~~~~~~~~~~~
'Finished building: ../src/main.c'
' '
'Building target: MAS-projekt.elf'
'Invoking: ARM v7 gcc linker'
arm-none-eabi-gcc -mcpu=cortex-a9 -mfpu=vfpv3 -mfloat-abi=hard -Wl,-build-id=none -specs=Xilinx.spec -Wl,-T -Wl,../src/lscript.ld -L../../mas_camera_bsp/ps7_cortexa9_0/lib -o "MAS-projekt.elf"  ./src/echo.o ./src/main.o ./src/platform.o ./src/platform_zynq.o   -Wl,--start-group,-lxil,-lgcc,-lc,--end-group -Wl,--start-group,-lxil,-llwip4,-lgcc,-lc,--end-group
'Finished building target: MAS-projekt.elf'
' '
'Invoking: ARM v7 Print Size'
arm-none-eabi-size MAS-projekt.elf  |tee "MAS-projekt.elf.size"
   text	   data	    bss	    dec	    hex	filename
 104940	   4260	2218288	2327488	 2383c0	MAS-projekt.elf
'Finished building: MAS-projekt.elf.size'
' '
10:06:11 **** Incremental Build of configuration Debug for project MAS-projekt ****
make pre-build main-build 
a9-linaro-pre-build-step
' '
make: Ništa za napraviti za `main-build'.
10:09:17 **** Incremental Build of configuration Debug for project MAS-projekt ****
make pre-build main-build 
a9-linaro-pre-build-step
' '
make: Ništa za napraviti za `main-build'.
10:11:49 **** Auto Build of configuration Debug for project MAS-projekt ****
make pre-build main-build 
a9-linaro-pre-build-step
' '
'Building file: ../src/main.c'
'Invoking: ARM v7 gcc compiler'
arm-none-eabi-gcc -Wall -O0 -g3 -c -fmessage-length=0 -MT"src/main.o" -mcpu=cortex-a9 -mfpu=vfpv3 -mfloat-abi=hard -I../../mas_camera_bsp/ps7_cortexa9_0/include -MMD -MP -MF"src/main.d" -MT"src/main.o" -o "src/main.o" "../src/main.c"
../src/main.c:410:27: warning: 'ov7670_image' defined but not used [-Wunused-variable]
 static struct regval_list ov7670_image[] = {
                           ^~~~~~~~~~~~
../src/main.c:403:27: warning: 'ov7670_test_bar' defined but not used [-Wunused-variable]
 static struct regval_list ov7670_test_bar[] = {
                           ^~~~~~~~~~~~~~~
../src/main.c:396:27: warning: 'ov7670_test_shift' defined but not used [-Wunused-variable]
 static struct regval_list ov7670_test_shift[] = {
                           ^~~~~~~~~~~~~~~~~
../src/main.c:360:27: warning: 'ov7670_fmt_yuv422' defined but not used [-Wunused-variable]
 static struct regval_list ov7670_fmt_yuv422[] = {
                           ^~~~~~~~~~~~~~~~~
'Finished building: ../src/main.c'
' '
'Building target: MAS-projekt.elf'
'Invoking: ARM v7 gcc linker'
arm-none-eabi-gcc -mcpu=cortex-a9 -mfpu=vfpv3 -mfloat-abi=hard -Wl,-build-id=none -specs=Xilinx.spec -Wl,-T -Wl,../src/lscript.ld -L../../mas_camera_bsp/ps7_cortexa9_0/lib -o "MAS-projekt.elf"  ./src/echo.o ./src/main.o ./src/platform.o ./src/platform_zynq.o   -Wl,--start-group,-lxil,-lgcc,-lc,--end-group -Wl,--start-group,-lxil,-llwip4,-lgcc,-lc,--end-group
'Finished building target: MAS-projekt.elf'
' '
'Invoking: ARM v7 Print Size'
arm-none-eabi-size MAS-projekt.elf  |tee "MAS-projekt.elf.size"
   text	   data	    bss	    dec	    hex	filename
 104164	   4260	2218288	2326712	 2380b8	MAS-projekt.elf
'Finished building: MAS-projekt.elf.size'
' '
10:11:58 **** Incremental Build of configuration Debug for project MAS-projekt ****
make pre-build main-build 
a9-linaro-pre-build-step
' '
make: Ništa za napraviti za `main-build'.
10:12:51 **** Auto Build of configuration Debug for project MAS-projekt ****
make pre-build main-build 
a9-linaro-pre-build-step
' '
'Building file: ../src/main.c'
'Invoking: ARM v7 gcc compiler'
arm-none-eabi-gcc -Wall -O0 -g3 -c -fmessage-length=0 -MT"src/main.o" -mcpu=cortex-a9 -mfpu=vfpv3 -mfloat-abi=hard -I../../mas_camera_bsp/ps7_cortexa9_0/include -MMD -MP -MF"src/main.d" -MT"src/main.o" -o "src/main.o" "../src/main.c"
../src/main.c:410:27: warning: 'ov7670_image' defined but not used [-Wunused-variable]
 static struct regval_list ov7670_image[] = {
                           ^~~~~~~~~~~~
../src/main.c:403:27: warning: 'ov7670_test_bar' defined but not used [-Wunused-variable]
 static struct regval_list ov7670_test_bar[] = {
                           ^~~~~~~~~~~~~~~
../src/main.c:396:27: warning: 'ov7670_test_shift' defined but not used [-Wunused-variable]
 static struct regval_list ov7670_test_shift[] = {
                           ^~~~~~~~~~~~~~~~~
../src/main.c:360:27: warning: 'ov7670_fmt_yuv422' defined but not used [-Wunused-variable]
 static struct regval_list ov7670_fmt_yuv422[] = {
                           ^~~~~~~~~~~~~~~~~
'Finished building: ../src/main.c'
' '
'Building target: MAS-projekt.elf'
'Invoking: ARM v7 gcc linker'
arm-none-eabi-gcc -mcpu=cortex-a9 -mfpu=vfpv3 -mfloat-abi=hard -Wl,-build-id=none -specs=Xilinx.spec -Wl,-T -Wl,../src/lscript.ld -L../../mas_camera_bsp/ps7_cortexa9_0/lib -o "MAS-projekt.elf"  ./src/echo.o ./src/main.o ./src/platform.o ./src/platform_zynq.o   -Wl,--start-group,-lxil,-lgcc,-lc,--end-group -Wl,--start-group,-lxil,-llwip4,-lgcc,-lc,--end-group
'Finished building target: MAS-projekt.elf'
' '
'Invoking: ARM v7 Print Size'
arm-none-eabi-size MAS-projekt.elf  |tee "MAS-projekt.elf.size"
   text	   data	    bss	    dec	    hex	filename
 104096	   4260	2218288	2326644	 238074	MAS-projekt.elf
'Finished building: MAS-projekt.elf.size'
' '
10:13:32 **** Incremental Build of configuration Debug for project MAS-projekt ****
make pre-build main-build 
a9-linaro-pre-build-step
' '
make: Ništa za napraviti za `main-build'.
10:13:58 **** Auto Build of configuration Debug for project MAS-projekt ****
make pre-build main-build 
a9-linaro-pre-build-step
' '
'Building file: ../src/main.c'
'Invoking: ARM v7 gcc compiler'
arm-none-eabi-gcc -Wall -O0 -g3 -c -fmessage-length=0 -MT"src/main.o" -mcpu=cortex-a9 -mfpu=vfpv3 -mfloat-abi=hard -I../../mas_camera_bsp/ps7_cortexa9_0/include -MMD -MP -MF"src/main.d" -MT"src/main.o" -o "src/main.o" "../src/main.c"
../src/main.c:410:27: warning: 'ov7670_image' defined but not used [-Wunused-variable]
 static struct regval_list ov7670_image[] = {
                           ^~~~~~~~~~~~
../src/main.c:403:27: warning: 'ov7670_test_bar' defined but not used [-Wunused-variable]
 static struct regval_list ov7670_test_bar[] = {
                           ^~~~~~~~~~~~~~~
../src/main.c:396:27: warning: 'ov7670_test_shift' defined but not used [-Wunused-variable]
 static struct regval_list ov7670_test_shift[] = {
                           ^~~~~~~~~~~~~~~~~
../src/main.c:360:27: warning: 'ov7670_fmt_yuv422' defined but not used [-Wunused-variable]
 static struct regval_list ov7670_fmt_yuv422[] = {
                           ^~~~~~~~~~~~~~~~~
'Finished building: ../src/main.c'
' '
'Building target: MAS-projekt.elf'
'Invoking: ARM v7 gcc linker'
arm-none-eabi-gcc -mcpu=cortex-a9 -mfpu=vfpv3 -mfloat-abi=hard -Wl,-build-id=none -specs=Xilinx.spec -Wl,-T -Wl,../src/lscript.ld -L../../mas_camera_bsp/ps7_cortexa9_0/lib -o "MAS-projekt.elf"  ./src/echo.o ./src/main.o ./src/platform.o ./src/platform_zynq.o   -Wl,--start-group,-lxil,-lgcc,-lc,--end-group -Wl,--start-group,-lxil,-llwip4,-lgcc,-lc,--end-group
'Finished building target: MAS-projekt.elf'
' '
'Invoking: ARM v7 Print Size'
arm-none-eabi-size MAS-projekt.elf  |tee "MAS-projekt.elf.size"
   text	   data	    bss	    dec	    hex	filename
 104164	   4260	2218288	2326712	 2380b8	MAS-projekt.elf
'Finished building: MAS-projekt.elf.size'
' '
10:14:16 **** Incremental Build of configuration Debug for project MAS-projekt ****
make pre-build main-build 
a9-linaro-pre-build-step
' '
make: Ništa za napraviti za `main-build'.
10:16:48 **** Auto Build of configuration Debug for project MAS-projekt ****
make pre-build main-build 
a9-linaro-pre-build-step
' '
'Building file: ../src/main.c'
'Invoking: ARM v7 gcc compiler'
arm-none-eabi-gcc -Wall -O0 -g3 -c -fmessage-length=0 -MT"src/main.o" -mcpu=cortex-a9 -mfpu=vfpv3 -mfloat-abi=hard -I../../mas_camera_bsp/ps7_cortexa9_0/include -MMD -MP -MF"src/main.d" -MT"src/main.o" -o "src/main.o" "../src/main.c"
../src/main.c:410:27: warning: 'ov7670_image' defined but not used [-Wunused-variable]
 static struct regval_list ov7670_image[] = {
                           ^~~~~~~~~~~~
../src/main.c:403:27: warning: 'ov7670_test_bar' defined but not used [-Wunused-variable]
 static struct regval_list ov7670_test_bar[] = {
                           ^~~~~~~~~~~~~~~
../src/main.c:396:27: warning: 'ov7670_test_shift' defined but not used [-Wunused-variable]
 static struct regval_list ov7670_test_shift[] = {
                           ^~~~~~~~~~~~~~~~~
../src/main.c:360:27: warning: 'ov7670_fmt_yuv422' defined but not used [-Wunused-variable]
 static struct regval_list ov7670_fmt_yuv422[] = {
                           ^~~~~~~~~~~~~~~~~
'Finished building: ../src/main.c'
' '
'Building target: MAS-projekt.elf'
'Invoking: ARM v7 gcc linker'
arm-none-eabi-gcc -mcpu=cortex-a9 -mfpu=vfpv3 -mfloat-abi=hard -Wl,-build-id=none -specs=Xilinx.spec -Wl,-T -Wl,../src/lscript.ld -L../../mas_camera_bsp/ps7_cortexa9_0/lib -o "MAS-projekt.elf"  ./src/echo.o ./src/main.o ./src/platform.o ./src/platform_zynq.o   -Wl,--start-group,-lxil,-lgcc,-lc,--end-group -Wl,--start-group,-lxil,-llwip4,-lgcc,-lc,--end-group
'Finished building target: MAS-projekt.elf'
' '
'Invoking: ARM v7 Print Size'
arm-none-eabi-size MAS-projekt.elf  |tee "MAS-projekt.elf.size"
   text	   data	    bss	    dec	    hex	filename
 104164	   4260	2218288	2326712	 2380b8	MAS-projekt.elf
'Finished building: MAS-projekt.elf.size'
' '
10:17:24 **** Incremental Build of configuration Debug for project MAS-projekt ****
make pre-build main-build 
a9-linaro-pre-build-step
' '
make: Ništa za napraviti za `main-build'.
10:19:40 **** Auto Build of configuration Debug for project MAS-projekt ****
make pre-build main-build 
a9-linaro-pre-build-step
' '
'Building file: ../src/main.c'
'Invoking: ARM v7 gcc compiler'
arm-none-eabi-gcc -Wall -O0 -g3 -c -fmessage-length=0 -MT"src/main.o" -mcpu=cortex-a9 -mfpu=vfpv3 -mfloat-abi=hard -I../../mas_camera_bsp/ps7_cortexa9_0/include -MMD -MP -MF"src/main.d" -MT"src/main.o" -o "src/main.o" "../src/main.c"
../src/main.c:410:27: warning: 'ov7670_image' defined but not used [-Wunused-variable]
 static struct regval_list ov7670_image[] = {
                           ^~~~~~~~~~~~
../src/main.c:403:27: warning: 'ov7670_test_bar' defined but not used [-Wunused-variable]
 static struct regval_list ov7670_test_bar[] = {
                           ^~~~~~~~~~~~~~~
../src/main.c:396:27: warning: 'ov7670_test_shift' defined but not used [-Wunused-variable]
 static struct regval_list ov7670_test_shift[] = {
                           ^~~~~~~~~~~~~~~~~
../src/main.c:360:27: warning: 'ov7670_fmt_yuv422' defined but not used [-Wunused-variable]
 static struct regval_list ov7670_fmt_yuv422[] = {
                           ^~~~~~~~~~~~~~~~~
'Finished building: ../src/main.c'
' '
'Building target: MAS-projekt.elf'
'Invoking: ARM v7 gcc linker'
arm-none-eabi-gcc -mcpu=cortex-a9 -mfpu=vfpv3 -mfloat-abi=hard -Wl,-build-id=none -specs=Xilinx.spec -Wl,-T -Wl,../src/lscript.ld -L../../mas_camera_bsp/ps7_cortexa9_0/lib -o "MAS-projekt.elf"  ./src/echo.o ./src/main.o ./src/platform.o ./src/platform_zynq.o   -Wl,--start-group,-lxil,-lgcc,-lc,--end-group -Wl,--start-group,-lxil,-llwip4,-lgcc,-lc,--end-group
'Finished building target: MAS-projekt.elf'
' '
'Invoking: ARM v7 Print Size'
arm-none-eabi-size MAS-projekt.elf  |tee "MAS-projekt.elf.size"
   text	   data	    bss	    dec	    hex	filename
 104164	   4260	2218288	2326712	 2380b8	MAS-projekt.elf
'Finished building: MAS-projekt.elf.size'
' '
10:20:46 **** Auto Build of configuration Debug for project MAS-projekt ****
make pre-build main-build 
a9-linaro-pre-build-step
' '
'Building file: ../src/main.c'
'Invoking: ARM v7 gcc compiler'
arm-none-eabi-gcc -Wall -O0 -g3 -c -fmessage-length=0 -MT"src/main.o" -mcpu=cortex-a9 -mfpu=vfpv3 -mfloat-abi=hard -I../../mas_camera_bsp/ps7_cortexa9_0/include -MMD -MP -MF"src/main.d" -MT"src/main.o" -o "src/main.o" "../src/main.c"
../src/main.c:411:27: warning: 'ov7670_image' defined but not used [-Wunused-variable]
 static struct regval_list ov7670_image[] = {
                           ^~~~~~~~~~~~
../src/main.c:404:27: warning: 'ov7670_test_bar' defined but not used [-Wunused-variable]
 static struct regval_list ov7670_test_bar[] = {
                           ^~~~~~~~~~~~~~~
../src/main.c:397:27: warning: 'ov7670_test_shift' defined but not used [-Wunused-variable]
 static struct regval_list ov7670_test_shift[] = {
                           ^~~~~~~~~~~~~~~~~
../src/main.c:361:27: warning: 'ov7670_fmt_yuv422' defined but not used [-Wunused-variable]
 static struct regval_list ov7670_fmt_yuv422[] = {
                           ^~~~~~~~~~~~~~~~~
'Finished building: ../src/main.c'
' '
'Building target: MAS-projekt.elf'
'Invoking: ARM v7 gcc linker'
arm-none-eabi-gcc -mcpu=cortex-a9 -mfpu=vfpv3 -mfloat-abi=hard -Wl,-build-id=none -specs=Xilinx.spec -Wl,-T -Wl,../src/lscript.ld -L../../mas_camera_bsp/ps7_cortexa9_0/lib -o "MAS-projekt.elf"  ./src/echo.o ./src/main.o ./src/platform.o ./src/platform_zynq.o   -Wl,--start-group,-lxil,-lgcc,-lc,--end-group -Wl,--start-group,-lxil,-llwip4,-lgcc,-lc,--end-group
'Finished building target: MAS-projekt.elf'
' '
'Invoking: ARM v7 Print Size'
arm-none-eabi-size MAS-projekt.elf  |tee "MAS-projekt.elf.size"
   text	   data	    bss	    dec	    hex	filename
 104164	   4260	2218288	2326712	 2380b8	MAS-projekt.elf
'Finished building: MAS-projekt.elf.size'
' '
10:21:38 **** Auto Build of configuration Debug for project MAS-projekt ****
make pre-build main-build 
a9-linaro-pre-build-step
' '
'Building file: ../src/main.c'
'Invoking: ARM v7 gcc compiler'
arm-none-eabi-gcc -Wall -O0 -g3 -c -fmessage-length=0 -MT"src/main.o" -mcpu=cortex-a9 -mfpu=vfpv3 -mfloat-abi=hard -I../../mas_camera_bsp/ps7_cortexa9_0/include -MMD -MP -MF"src/main.d" -MT"src/main.o" -o "src/main.o" "../src/main.c"
../src/main.c:411:27: warning: 'ov7670_image' defined but not used [-Wunused-variable]
 static struct regval_list ov7670_image[] = {
                           ^~~~~~~~~~~~
../src/main.c:404:27: warning: 'ov7670_test_bar' defined but not used [-Wunused-variable]
 static struct regval_list ov7670_test_bar[] = {
                           ^~~~~~~~~~~~~~~
../src/main.c:397:27: warning: 'ov7670_test_shift' defined but not used [-Wunused-variable]
 static struct regval_list ov7670_test_shift[] = {
                           ^~~~~~~~~~~~~~~~~
../src/main.c:361:27: warning: 'ov7670_fmt_yuv422' defined but not used [-Wunused-variable]
 static struct regval_list ov7670_fmt_yuv422[] = {
                           ^~~~~~~~~~~~~~~~~
'Finished building: ../src/main.c'
' '
'Building target: MAS-projekt.elf'
'Invoking: ARM v7 gcc linker'
arm-none-eabi-gcc -mcpu=cortex-a9 -mfpu=vfpv3 -mfloat-abi=hard -Wl,-build-id=none -specs=Xilinx.spec -Wl,-T -Wl,../src/lscript.ld -L../../mas_camera_bsp/ps7_cortexa9_0/lib -o "MAS-projekt.elf"  ./src/echo.o ./src/main.o ./src/platform.o ./src/platform_zynq.o   -Wl,--start-group,-lxil,-lgcc,-lc,--end-group -Wl,--start-group,-lxil,-llwip4,-lgcc,-lc,--end-group
'Finished building target: MAS-projekt.elf'
' '
'Invoking: ARM v7 Print Size'
arm-none-eabi-size MAS-projekt.elf  |tee "MAS-projekt.elf.size"
   text	   data	    bss	    dec	    hex	filename
 104164	   4260	2218288	2326712	 2380b8	MAS-projekt.elf
'Finished building: MAS-projekt.elf.size'
' '
10:22:38 **** Auto Build of configuration Debug for project MAS-projekt ****
make pre-build main-build 
a9-linaro-pre-build-step
' '
'Building file: ../src/main.c'
'Invoking: ARM v7 gcc compiler'
arm-none-eabi-gcc -Wall -O0 -g3 -c -fmessage-length=0 -MT"src/main.o" -mcpu=cortex-a9 -mfpu=vfpv3 -mfloat-abi=hard -I../../mas_camera_bsp/ps7_cortexa9_0/include -MMD -MP -MF"src/main.d" -MT"src/main.o" -o "src/main.o" "../src/main.c"
../src/main.c:411:27: warning: 'ov7670_image' defined but not used [-Wunused-variable]
 static struct regval_list ov7670_image[] = {
                           ^~~~~~~~~~~~
../src/main.c:404:27: warning: 'ov7670_test_bar' defined but not used [-Wunused-variable]
 static struct regval_list ov7670_test_bar[] = {
                           ^~~~~~~~~~~~~~~
../src/main.c:397:27: warning: 'ov7670_test_shift' defined but not used [-Wunused-variable]
 static struct regval_list ov7670_test_shift[] = {
                           ^~~~~~~~~~~~~~~~~
../src/main.c:361:27: warning: 'ov7670_fmt_yuv422' defined but not used [-Wunused-variable]
 static struct regval_list ov7670_fmt_yuv422[] = {
                           ^~~~~~~~~~~~~~~~~
'Finished building: ../src/main.c'
' '
'Building target: MAS-projekt.elf'
'Invoking: ARM v7 gcc linker'
arm-none-eabi-gcc -mcpu=cortex-a9 -mfpu=vfpv3 -mfloat-abi=hard -Wl,-build-id=none -specs=Xilinx.spec -Wl,-T -Wl,../src/lscript.ld -L../../mas_camera_bsp/ps7_cortexa9_0/lib -o "MAS-projekt.elf"  ./src/echo.o ./src/main.o ./src/platform.o ./src/platform_zynq.o   -Wl,--start-group,-lxil,-lgcc,-lc,--end-group -Wl,--start-group,-lxil,-llwip4,-lgcc,-lc,--end-group
'Finished building target: MAS-projekt.elf'
' '
'Invoking: ARM v7 Print Size'
arm-none-eabi-size MAS-projekt.elf  |tee "MAS-projekt.elf.size"
   text	   data	    bss	    dec	    hex	filename
 104184	   4260	2218288	2326732	 2380cc	MAS-projekt.elf
'Finished building: MAS-projekt.elf.size'
' '
10:23:27 **** Incremental Build of configuration Debug for project MAS-projekt ****
make pre-build main-build 
a9-linaro-pre-build-step
' '
make: Ništa za napraviti za `main-build'.
10:24:33 **** Auto Build of configuration Debug for project MAS-projekt ****
make pre-build main-build 
a9-linaro-pre-build-step
' '
'Building file: ../src/main.c'
'Invoking: ARM v7 gcc compiler'
arm-none-eabi-gcc -Wall -O0 -g3 -c -fmessage-length=0 -MT"src/main.o" -mcpu=cortex-a9 -mfpu=vfpv3 -mfloat-abi=hard -I../../mas_camera_bsp/ps7_cortexa9_0/include -MMD -MP -MF"src/main.d" -MT"src/main.o" -o "src/main.o" "../src/main.c"
../src/main.c:411:27: warning: 'ov7670_image' defined but not used [-Wunused-variable]
 static struct regval_list ov7670_image[] = {
                           ^~~~~~~~~~~~
../src/main.c:404:27: warning: 'ov7670_test_bar' defined but not used [-Wunused-variable]
 static struct regval_list ov7670_test_bar[] = {
                           ^~~~~~~~~~~~~~~
../src/main.c:397:27: warning: 'ov7670_test_shift' defined but not used [-Wunused-variable]
 static struct regval_list ov7670_test_shift[] = {
                           ^~~~~~~~~~~~~~~~~
../src/main.c:361:27: warning: 'ov7670_fmt_yuv422' defined but not used [-Wunused-variable]
 static struct regval_list ov7670_fmt_yuv422[] = {
                           ^~~~~~~~~~~~~~~~~
'Finished building: ../src/main.c'
' '
'Building target: MAS-projekt.elf'
'Invoking: ARM v7 gcc linker'
arm-none-eabi-gcc -mcpu=cortex-a9 -mfpu=vfpv3 -mfloat-abi=hard -Wl,-build-id=none -specs=Xilinx.spec -Wl,-T -Wl,../src/lscript.ld -L../../mas_camera_bsp/ps7_cortexa9_0/lib -o "MAS-projekt.elf"  ./src/echo.o ./src/main.o ./src/platform.o ./src/platform_zynq.o   -Wl,--start-group,-lxil,-lgcc,-lc,--end-group -Wl,--start-group,-lxil,-llwip4,-lgcc,-lc,--end-group
'Finished building target: MAS-projekt.elf'
' '
'Invoking: ARM v7 Print Size'
arm-none-eabi-size MAS-projekt.elf  |tee "MAS-projekt.elf.size"
   text	   data	    bss	    dec	    hex	filename
 104180	   4260	2218288	2326728	 2380c8	MAS-projekt.elf
'Finished building: MAS-projekt.elf.size'
' '
10:24:56 **** Incremental Build of configuration Debug for project MAS-projekt ****
make pre-build main-build 
a9-linaro-pre-build-step
' '
make: Ništa za napraviti za `main-build'.
10:26:11 **** Auto Build of configuration Debug for project MAS-projekt ****
make pre-build main-build 
a9-linaro-pre-build-step
' '
'Building file: ../src/main.c'
'Invoking: ARM v7 gcc compiler'
arm-none-eabi-gcc -Wall -O0 -g3 -c -fmessage-length=0 -MT"src/main.o" -mcpu=cortex-a9 -mfpu=vfpv3 -mfloat-abi=hard -I../../mas_camera_bsp/ps7_cortexa9_0/include -MMD -MP -MF"src/main.d" -MT"src/main.o" -o "src/main.o" "../src/main.c"
../src/main.c:411:27: warning: 'ov7670_image' defined but not used [-Wunused-variable]
 static struct regval_list ov7670_image[] = {
                           ^~~~~~~~~~~~
../src/main.c:404:27: warning: 'ov7670_test_bar' defined but not used [-Wunused-variable]
 static struct regval_list ov7670_test_bar[] = {
                           ^~~~~~~~~~~~~~~
../src/main.c:397:27: warning: 'ov7670_test_shift' defined but not used [-Wunused-variable]
 static struct regval_list ov7670_test_shift[] = {
                           ^~~~~~~~~~~~~~~~~
../src/main.c:361:27: warning: 'ov7670_fmt_yuv422' defined but not used [-Wunused-variable]
 static struct regval_list ov7670_fmt_yuv422[] = {
                           ^~~~~~~~~~~~~~~~~
'Finished building: ../src/main.c'
' '
'Building target: MAS-projekt.elf'
'Invoking: ARM v7 gcc linker'
arm-none-eabi-gcc -mcpu=cortex-a9 -mfpu=vfpv3 -mfloat-abi=hard -Wl,-build-id=none -specs=Xilinx.spec -Wl,-T -Wl,../src/lscript.ld -L../../mas_camera_bsp/ps7_cortexa9_0/lib -o "MAS-projekt.elf"  ./src/echo.o ./src/main.o ./src/platform.o ./src/platform_zynq.o   -Wl,--start-group,-lxil,-lgcc,-lc,--end-group -Wl,--start-group,-lxil,-llwip4,-lgcc,-lc,--end-group
'Finished building target: MAS-projekt.elf'
' '
'Invoking: ARM v7 Print Size'
arm-none-eabi-size MAS-projekt.elf  |tee "MAS-projekt.elf.size"
   text	   data	    bss	    dec	    hex	filename
 104160	   4260	2218288	2326708	 2380b4	MAS-projekt.elf
'Finished building: MAS-projekt.elf.size'
' '
10:26:31 **** Incremental Build of configuration Debug for project MAS-projekt ****
make pre-build main-build 
a9-linaro-pre-build-step
' '
make: Ništa za napraviti za `main-build'.
10:29:01 **** Auto Build of configuration Debug for project MAS-projekt ****
make pre-build main-build 
a9-linaro-pre-build-step
' '
'Building file: ../src/main.c'
'Invoking: ARM v7 gcc compiler'
arm-none-eabi-gcc -Wall -O0 -g3 -c -fmessage-length=0 -MT"src/main.o" -mcpu=cortex-a9 -mfpu=vfpv3 -mfloat-abi=hard -I../../mas_camera_bsp/ps7_cortexa9_0/include -MMD -MP -MF"src/main.d" -MT"src/main.o" -o "src/main.o" "../src/main.c"
../src/main.c:411:27: warning: 'ov7670_image' defined but not used [-Wunused-variable]
 static struct regval_list ov7670_image[] = {
                           ^~~~~~~~~~~~
../src/main.c:404:27: warning: 'ov7670_test_bar' defined but not used [-Wunused-variable]
 static struct regval_list ov7670_test_bar[] = {
                           ^~~~~~~~~~~~~~~
../src/main.c:397:27: warning: 'ov7670_test_shift' defined but not used [-Wunused-variable]
 static struct regval_list ov7670_test_shift[] = {
                           ^~~~~~~~~~~~~~~~~
../src/main.c:361:27: warning: 'ov7670_fmt_yuv422' defined but not used [-Wunused-variable]
 static struct regval_list ov7670_fmt_yuv422[] = {
                           ^~~~~~~~~~~~~~~~~
'Finished building: ../src/main.c'
' '
'Building target: MAS-projekt.elf'
'Invoking: ARM v7 gcc linker'
arm-none-eabi-gcc -mcpu=cortex-a9 -mfpu=vfpv3 -mfloat-abi=hard -Wl,-build-id=none -specs=Xilinx.spec -Wl,-T -Wl,../src/lscript.ld -L../../mas_camera_bsp/ps7_cortexa9_0/lib -o "MAS-projekt.elf"  ./src/echo.o ./src/main.o ./src/platform.o ./src/platform_zynq.o   -Wl,--start-group,-lxil,-lgcc,-lc,--end-group -Wl,--start-group,-lxil,-llwip4,-lgcc,-lc,--end-group
'Finished building target: MAS-projekt.elf'
' '
'Invoking: ARM v7 Print Size'
arm-none-eabi-size MAS-projekt.elf  |tee "MAS-projekt.elf.size"
   text	   data	    bss	    dec	    hex	filename
 104096	   4260	2218288	2326644	 238074	MAS-projekt.elf
'Finished building: MAS-projekt.elf.size'
' '
10:29:07 **** Incremental Build of configuration Debug for project MAS-projekt ****
make pre-build main-build 
a9-linaro-pre-build-step
' '
make: Ništa za napraviti za `main-build'.
10:29:57 **** Auto Build of configuration Debug for project MAS-projekt ****
make pre-build main-build 
a9-linaro-pre-build-step
' '
'Building file: ../src/main.c'
'Invoking: ARM v7 gcc compiler'
arm-none-eabi-gcc -Wall -O0 -g3 -c -fmessage-length=0 -MT"src/main.o" -mcpu=cortex-a9 -mfpu=vfpv3 -mfloat-abi=hard -I../../mas_camera_bsp/ps7_cortexa9_0/include -MMD -MP -MF"src/main.d" -MT"src/main.o" -o "src/main.o" "../src/main.c"
../src/main.c:411:27: warning: 'ov7670_image' defined but not used [-Wunused-variable]
 static struct regval_list ov7670_image[] = {
                           ^~~~~~~~~~~~
../src/main.c:404:27: warning: 'ov7670_test_bar' defined but not used [-Wunused-variable]
 static struct regval_list ov7670_test_bar[] = {
                           ^~~~~~~~~~~~~~~
../src/main.c:397:27: warning: 'ov7670_test_shift' defined but not used [-Wunused-variable]
 static struct regval_list ov7670_test_shift[] = {
                           ^~~~~~~~~~~~~~~~~
../src/main.c:361:27: warning: 'ov7670_fmt_yuv422' defined but not used [-Wunused-variable]
 static struct regval_list ov7670_fmt_yuv422[] = {
                           ^~~~~~~~~~~~~~~~~
'Finished building: ../src/main.c'
' '
'Building target: MAS-projekt.elf'
'Invoking: ARM v7 gcc linker'
arm-none-eabi-gcc -mcpu=cortex-a9 -mfpu=vfpv3 -mfloat-abi=hard -Wl,-build-id=none -specs=Xilinx.spec -Wl,-T -Wl,../src/lscript.ld -L../../mas_camera_bsp/ps7_cortexa9_0/lib -o "MAS-projekt.elf"  ./src/echo.o ./src/main.o ./src/platform.o ./src/platform_zynq.o   -Wl,--start-group,-lxil,-lgcc,-lc,--end-group -Wl,--start-group,-lxil,-llwip4,-lgcc,-lc,--end-group
'Finished building target: MAS-projekt.elf'
' '
'Invoking: ARM v7 Print Size'
arm-none-eabi-size MAS-projekt.elf  |tee "MAS-projekt.elf.size"
   text	   data	    bss	    dec	    hex	filename
 104180	   4260	2218288	2326728	 2380c8	MAS-projekt.elf
'Finished building: MAS-projekt.elf.size'
' '
10:30:22 **** Clean-only build of configuration Debug for project MAS-projekt ****
make clean 
rm -rf  ./src/echo.o ./src/main.o ./src/platform.o ./src/platform_zynq.o  ./src/echo.d ./src/main.d ./src/platform.d ./src/platform_zynq.d  MAS-projekt.elf.size  MAS-projekt.elf
' '
10:30:23 **** Auto Build of configuration Debug for project MAS-projekt ****
make pre-build main-build 
a9-linaro-pre-build-step
' '
'Building file: ../src/echo.c'
'Invoking: ARM v7 gcc compiler'
arm-none-eabi-gcc -Wall -O0 -g3 -c -fmessage-length=0 -MT"src/echo.o" -mcpu=cortex-a9 -mfpu=vfpv3 -mfloat-abi=hard -I../../mas_camera_bsp/ps7_cortexa9_0/include -MMD -MP -MF"src/echo.d" -MT"src/echo.o" -o "src/echo.o" "../src/echo.c"
'Finished building: ../src/echo.c'
' '
'Building file: ../src/main.c'
'Invoking: ARM v7 gcc compiler'
arm-none-eabi-gcc -Wall -O0 -g3 -c -fmessage-length=0 -MT"src/main.o" -mcpu=cortex-a9 -mfpu=vfpv3 -mfloat-abi=hard -I../../mas_camera_bsp/ps7_cortexa9_0/include -MMD -MP -MF"src/main.d" -MT"src/main.o" -o "src/main.o" "../src/main.c"
../src/main.c:411:27: warning: 'ov7670_image' defined but not used [-Wunused-variable]
 static struct regval_list ov7670_image[] = {
                           ^~~~~~~~~~~~
../src/main.c:404:27: warning: 'ov7670_test_bar' defined but not used [-Wunused-variable]
 static struct regval_list ov7670_test_bar[] = {
                           ^~~~~~~~~~~~~~~
../src/main.c:397:27: warning: 'ov7670_test_shift' defined but not used [-Wunused-variable]
 static struct regval_list ov7670_test_shift[] = {
                           ^~~~~~~~~~~~~~~~~
../src/main.c:361:27: warning: 'ov7670_fmt_yuv422' defined but not used [-Wunused-variable]
 static struct regval_list ov7670_fmt_yuv422[] = {
                           ^~~~~~~~~~~~~~~~~
'Finished building: ../src/main.c'
' '
'Building file: ../src/platform.c'
'Invoking: ARM v7 gcc compiler'
arm-none-eabi-gcc -Wall -O0 -g3 -c -fmessage-length=0 -MT"src/platform.o" -mcpu=cortex-a9 -mfpu=vfpv3 -mfloat-abi=hard -I../../mas_camera_bsp/ps7_cortexa9_0/include -MMD -MP -MF"src/platform.d" -MT"src/platform.o" -o "src/platform.o" "../src/platform.c"
'Finished building: ../src/platform.c'
' '
'Building file: ../src/platform_zynq.c'
'Invoking: ARM v7 gcc compiler'
arm-none-eabi-gcc -Wall -O0 -g3 -c -fmessage-length=0 -MT"src/platform_zynq.o" -mcpu=cortex-a9 -mfpu=vfpv3 -mfloat-abi=hard -I../../mas_camera_bsp/ps7_cortexa9_0/include -MMD -MP -MF"src/platform_zynq.d" -MT"src/platform_zynq.o" -o "src/platform_zynq.o" "../src/platform_zynq.c"
'Finished building: ../src/platform_zynq.c'
' '
'Building target: MAS-projekt.elf'
'Invoking: ARM v7 gcc linker'
arm-none-eabi-gcc -mcpu=cortex-a9 -mfpu=vfpv3 -mfloat-abi=hard -Wl,-build-id=none -specs=Xilinx.spec -Wl,-T -Wl,../src/lscript.ld -L../../mas_camera_bsp/ps7_cortexa9_0/lib -o "MAS-projekt.elf"  ./src/echo.o ./src/main.o ./src/platform.o ./src/platform_zynq.o   -Wl,--start-group,-lxil,-lgcc,-lc,--end-group -Wl,--start-group,-lxil,-llwip4,-lgcc,-lc,--end-group
'Finished building target: MAS-projekt.elf'
' '
'Invoking: ARM v7 Print Size'
arm-none-eabi-size MAS-projekt.elf  |tee "MAS-projekt.elf.size"
   text	   data	    bss	    dec	    hex	filename
 104180	   4260	3160368	3268808	 31e0c8	MAS-projekt.elf
'Finished building: MAS-projekt.elf.size'
' '
10:30:34 **** Auto Build of configuration Debug for project MAS-projekt ****
make pre-build main-build 
a9-linaro-pre-build-step
' '
'Building file: ../src/main.c'
'Invoking: ARM v7 gcc compiler'
arm-none-eabi-gcc -Wall -O0 -g3 -c -fmessage-length=0 -MT"src/main.o" -mcpu=cortex-a9 -mfpu=vfpv3 -mfloat-abi=hard -I../../mas_camera_bsp/ps7_cortexa9_0/include -MMD -MP -MF"src/main.d" -MT"src/main.o" -o "src/main.o" "../src/main.c"
../src/main.c:411:27: warning: 'ov7670_image' defined but not used [-Wunused-variable]
 static struct regval_list ov7670_image[] = {
                           ^~~~~~~~~~~~
../src/main.c:404:27: warning: 'ov7670_test_bar' defined but not used [-Wunused-variable]
 static struct regval_list ov7670_test_bar[] = {
                           ^~~~~~~~~~~~~~~
../src/main.c:397:27: warning: 'ov7670_test_shift' defined but not used [-Wunused-variable]
 static struct regval_list ov7670_test_shift[] = {
                           ^~~~~~~~~~~~~~~~~
../src/main.c:361:27: warning: 'ov7670_fmt_yuv422' defined but not used [-Wunused-variable]
 static struct regval_list ov7670_fmt_yuv422[] = {
                           ^~~~~~~~~~~~~~~~~
'Finished building: ../src/main.c'
' '
'Building target: MAS-projekt.elf'
'Invoking: ARM v7 gcc linker'
arm-none-eabi-gcc -mcpu=cortex-a9 -mfpu=vfpv3 -mfloat-abi=hard -Wl,-build-id=none -specs=Xilinx.spec -Wl,-T -Wl,../src/lscript.ld -L../../mas_camera_bsp/ps7_cortexa9_0/lib -o "MAS-projekt.elf"  ./src/echo.o ./src/main.o ./src/platform.o ./src/platform_zynq.o   -Wl,--start-group,-lxil,-lgcc,-lc,--end-group -Wl,--start-group,-lxil,-llwip4,-lgcc,-lc,--end-group
'Finished building target: MAS-projekt.elf'
' '
'Invoking: ARM v7 Print Size'
arm-none-eabi-size MAS-projekt.elf  |tee "MAS-projekt.elf.size"
   text	   data	    bss	    dec	    hex	filename
 104180	   4260	3160368	3268808	 31e0c8	MAS-projekt.elf
'Finished building: MAS-projekt.elf.size'
' '
10:30:41 **** Incremental Build of configuration Debug for project MAS-projekt ****
make pre-build main-build 
a9-linaro-pre-build-step
' '
make: Ništa za napraviti za `main-build'.
10:33:45 **** Clean-only build of configuration Debug for project MAS-projekt ****
make clean 
rm -rf  ./src/echo.o ./src/main.o ./src/platform.o ./src/platform_zynq.o  ./src/echo.d ./src/main.d ./src/platform.d ./src/platform_zynq.d  MAS-projekt.elf.size  MAS-projekt.elf
' '
10:33:46 **** Auto Build of configuration Debug for project MAS-projekt ****
make pre-build main-build 
a9-linaro-pre-build-step
' '
'Building file: ../src/echo.c'
'Invoking: ARM v7 gcc compiler'
arm-none-eabi-gcc -Wall -O0 -g3 -c -fmessage-length=0 -MT"src/echo.o" -mcpu=cortex-a9 -mfpu=vfpv3 -mfloat-abi=hard -I../../mas_camera_bsp/ps7_cortexa9_0/include -MMD -MP -MF"src/echo.d" -MT"src/echo.o" -o "src/echo.o" "../src/echo.c"
'Finished building: ../src/echo.c'
' '
'Building file: ../src/main.c'
'Invoking: ARM v7 gcc compiler'
arm-none-eabi-gcc -Wall -O0 -g3 -c -fmessage-length=0 -MT"src/main.o" -mcpu=cortex-a9 -mfpu=vfpv3 -mfloat-abi=hard -I../../mas_camera_bsp/ps7_cortexa9_0/include -MMD -MP -MF"src/main.d" -MT"src/main.o" -o "src/main.o" "../src/main.c"
../src/main.c:411:27: warning: 'ov7670_image' defined but not used [-Wunused-variable]
 static struct regval_list ov7670_image[] = {
                           ^~~~~~~~~~~~
../src/main.c:404:27: warning: 'ov7670_test_bar' defined but not used [-Wunused-variable]
 static struct regval_list ov7670_test_bar[] = {
                           ^~~~~~~~~~~~~~~
../src/main.c:397:27: warning: 'ov7670_test_shift' defined but not used [-Wunused-variable]
 static struct regval_list ov7670_test_shift[] = {
                           ^~~~~~~~~~~~~~~~~
../src/main.c:361:27: warning: 'ov7670_fmt_yuv422' defined but not used [-Wunused-variable]
 static struct regval_list ov7670_fmt_yuv422[] = {
                           ^~~~~~~~~~~~~~~~~
'Finished building: ../src/main.c'
' '
'Building file: ../src/platform.c'
'Invoking: ARM v7 gcc compiler'
arm-none-eabi-gcc -Wall -O0 -g3 -c -fmessage-length=0 -MT"src/platform.o" -mcpu=cortex-a9 -mfpu=vfpv3 -mfloat-abi=hard -I../../mas_camera_bsp/ps7_cortexa9_0/include -MMD -MP -MF"src/platform.d" -MT"src/platform.o" -o "src/platform.o" "../src/platform.c"
'Finished building: ../src/platform.c'
' '
'Building file: ../src/platform_zynq.c'
'Invoking: ARM v7 gcc compiler'
arm-none-eabi-gcc -Wall -O0 -g3 -c -fmessage-length=0 -MT"src/platform_zynq.o" -mcpu=cortex-a9 -mfpu=vfpv3 -mfloat-abi=hard -I../../mas_camera_bsp/ps7_cortexa9_0/include -MMD -MP -MF"src/platform_zynq.d" -MT"src/platform_zynq.o" -o "src/platform_zynq.o" "../src/platform_zynq.c"
'Finished building: ../src/platform_zynq.c'
' '
'Building target: MAS-projekt.elf'
'Invoking: ARM v7 gcc linker'
arm-none-eabi-gcc -mcpu=cortex-a9 -mfpu=vfpv3 -mfloat-abi=hard -Wl,-build-id=none -specs=Xilinx.spec -Wl,-T -Wl,../src/lscript.ld -L../../mas_camera_bsp/ps7_cortexa9_0/lib -o "MAS-projekt.elf"  ./src/echo.o ./src/main.o ./src/platform.o ./src/platform_zynq.o   -Wl,--start-group,-lxil,-lgcc,-lc,--end-group -Wl,--start-group,-lxil,-llwip4,-lgcc,-lc,--end-group
'Finished building target: MAS-projekt.elf'
' '
'Invoking: ARM v7 Print Size'
arm-none-eabi-size MAS-projekt.elf  |tee "MAS-projekt.elf.size"
   text	   data	    bss	    dec	    hex	filename
 104180	   4260	4233520	4341960	 4240c8	MAS-projekt.elf
'Finished building: MAS-projekt.elf.size'
' '
10:34:04 **** Auto Build of configuration Debug for project MAS-projekt ****
make pre-build main-build 
a9-linaro-pre-build-step
' '
'Building file: ../src/main.c'
'Invoking: ARM v7 gcc compiler'
arm-none-eabi-gcc -Wall -O0 -g3 -c -fmessage-length=0 -MT"src/main.o" -mcpu=cortex-a9 -mfpu=vfpv3 -mfloat-abi=hard -I../../mas_camera_bsp/ps7_cortexa9_0/include -MMD -MP -MF"src/main.d" -MT"src/main.o" -o "src/main.o" "../src/main.c"
../src/main.c:411:27: warning: 'ov7670_image' defined but not used [-Wunused-variable]
 static struct regval_list ov7670_image[] = {
                           ^~~~~~~~~~~~
../src/main.c:404:27: warning: 'ov7670_test_bar' defined but not used [-Wunused-variable]
 static struct regval_list ov7670_test_bar[] = {
                           ^~~~~~~~~~~~~~~
../src/main.c:397:27: warning: 'ov7670_test_shift' defined but not used [-Wunused-variable]
 static struct regval_list ov7670_test_shift[] = {
                           ^~~~~~~~~~~~~~~~~
../src/main.c:361:27: warning: 'ov7670_fmt_yuv422' defined but not used [-Wunused-variable]
 static struct regval_list ov7670_fmt_yuv422[] = {
                           ^~~~~~~~~~~~~~~~~
'Finished building: ../src/main.c'
' '
'Building target: MAS-projekt.elf'
'Invoking: ARM v7 gcc linker'
arm-none-eabi-gcc -mcpu=cortex-a9 -mfpu=vfpv3 -mfloat-abi=hard -Wl,-build-id=none -specs=Xilinx.spec -Wl,-T -Wl,../src/lscript.ld -L../../mas_camera_bsp/ps7_cortexa9_0/lib -o "MAS-projekt.elf"  ./src/echo.o ./src/main.o ./src/platform.o ./src/platform_zynq.o   -Wl,--start-group,-lxil,-lgcc,-lc,--end-group -Wl,--start-group,-lxil,-llwip4,-lgcc,-lc,--end-group
'Finished building target: MAS-projekt.elf'
' '
'Invoking: ARM v7 Print Size'
arm-none-eabi-size MAS-projekt.elf  |tee "MAS-projekt.elf.size"
   text	   data	    bss	    dec	    hex	filename
 104180	   4260	4233520	4341960	 4240c8	MAS-projekt.elf
'Finished building: MAS-projekt.elf.size'
' '
10:34:33 **** Incremental Build of configuration Debug for project MAS-projekt ****
make pre-build main-build 
a9-linaro-pre-build-step
' '
make: Ništa za napraviti za `main-build'.
10:36:16 **** Auto Build of configuration Debug for project MAS-projekt ****
make pre-build main-build 
a9-linaro-pre-build-step
' '
'Building file: ../src/main.c'
'Invoking: ARM v7 gcc compiler'
arm-none-eabi-gcc -Wall -O0 -g3 -c -fmessage-length=0 -MT"src/main.o" -mcpu=cortex-a9 -mfpu=vfpv3 -mfloat-abi=hard -I../../mas_camera_bsp/ps7_cortexa9_0/include -MMD -MP -MF"src/main.d" -MT"src/main.o" -o "src/main.o" "../src/main.c"
../src/main.c: In function 'readFromCamera':
../src/main.c:734:4: error: 'Slika' undeclared (first use in this function)
    Slika[z] =(u8)(tt);
    ^~~~~
../src/main.c:734:4: note: each undeclared identifier is reported only once for each function it appears in
At top level:
../src/main.c:412:27: warning: 'ov7670_image' defined but not used [-Wunused-variable]
 static struct regval_list ov7670_image[] = {
                           ^~~~~~~~~~~~
../src/main.c:405:27: warning: 'ov7670_test_bar' defined but not used [-Wunused-variable]
 static struct regval_list ov7670_test_bar[] = {
                           ^~~~~~~~~~~~~~~
../src/main.c:398:27: warning: 'ov7670_test_shift' defined but not used [-Wunused-variable]
 static struct regval_list ov7670_test_shift[] = {
                           ^~~~~~~~~~~~~~~~~
../src/main.c:362:27: warning: 'ov7670_fmt_yuv422' defined but not used [-Wunused-variable]
 static struct regval_list ov7670_fmt_yuv422[] = {
                           ^~~~~~~~~~~~~~~~~
make: *** [src/main.o] Greška 1
10:36:27 **** Auto Build of configuration Debug for project MAS-projekt ****
make pre-build main-build 
a9-linaro-pre-build-step
' '
'Building file: ../src/main.c'
'Invoking: ARM v7 gcc compiler'
arm-none-eabi-gcc -Wall -O0 -g3 -c -fmessage-length=0 -MT"src/main.o" -mcpu=cortex-a9 -mfpu=vfpv3 -mfloat-abi=hard -I../../mas_camera_bsp/ps7_cortexa9_0/include -MMD -MP -MF"src/main.d" -MT"src/main.o" -o "src/main.o" "../src/main.c"
../src/main.c:412:27: warning: 'ov7670_image' defined but not used [-Wunused-variable]
 static struct regval_list ov7670_image[] = {
                           ^~~~~~~~~~~~
../src/main.c:405:27: warning: 'ov7670_test_bar' defined but not used [-Wunused-variable]
 static struct regval_list ov7670_test_bar[] = {
                           ^~~~~~~~~~~~~~~
../src/main.c:398:27: warning: 'ov7670_test_shift' defined but not used [-Wunused-variable]
 static struct regval_list ov7670_test_shift[] = {
                           ^~~~~~~~~~~~~~~~~
../src/main.c:362:27: warning: 'ov7670_fmt_yuv422' defined but not used [-Wunused-variable]
 static struct regval_list ov7670_fmt_yuv422[] = {
                           ^~~~~~~~~~~~~~~~~
'Finished building: ../src/main.c'
' '
'Building target: MAS-projekt.elf'
'Invoking: ARM v7 gcc linker'
arm-none-eabi-gcc -mcpu=cortex-a9 -mfpu=vfpv3 -mfloat-abi=hard -Wl,-build-id=none -specs=Xilinx.spec -Wl,-T -Wl,../src/lscript.ld -L../../mas_camera_bsp/ps7_cortexa9_0/lib -o "MAS-projekt.elf"  ./src/echo.o ./src/main.o ./src/platform.o ./src/platform_zynq.o   -Wl,--start-group,-lxil,-lgcc,-lc,--end-group -Wl,--start-group,-lxil,-llwip4,-lgcc,-lc,--end-group
'Finished building target: MAS-projekt.elf'
' '
'Invoking: ARM v7 Print Size'
arm-none-eabi-size MAS-projekt.elf  |tee "MAS-projekt.elf.size"
   text	   data	    bss	    dec	    hex	filename
 104744	   4260	4233520	4342524	 4242fc	MAS-projekt.elf
'Finished building: MAS-projekt.elf.size'
' '
10:39:22 **** Auto Build of configuration Debug for project MAS-projekt ****
make pre-build main-build 
a9-linaro-pre-build-step
' '
'Building file: ../src/main.c'
'Invoking: ARM v7 gcc compiler'
arm-none-eabi-gcc -Wall -O0 -g3 -c -fmessage-length=0 -MT"src/main.o" -mcpu=cortex-a9 -mfpu=vfpv3 -mfloat-abi=hard -I../../mas_camera_bsp/ps7_cortexa9_0/include -MMD -MP -MF"src/main.d" -MT"src/main.o" -o "src/main.o" "../src/main.c"
../src/main.c: In function 'recv_callback':
../src/main.c:613:25: error: 'greeting1' undeclared (first use in this function)
   err = tcp_write(tpcb, greeting1, 8192, 1);
                         ^~~~~~~~~
../src/main.c:613:25: note: each undeclared identifier is reported only once for each function it appears in
At top level:
../src/main.c:413:27: warning: 'ov7670_image' defined but not used [-Wunused-variable]
 static struct regval_list ov7670_image[] = {
                           ^~~~~~~~~~~~
../src/main.c:406:27: warning: 'ov7670_test_bar' defined but not used [-Wunused-variable]
 static struct regval_list ov7670_test_bar[] = {
                           ^~~~~~~~~~~~~~~
../src/main.c:399:27: warning: 'ov7670_test_shift' defined but not used [-Wunused-variable]
 static struct regval_list ov7670_test_shift[] = {
                           ^~~~~~~~~~~~~~~~~
../src/main.c:363:27: warning: 'ov7670_fmt_yuv422' defined but not used [-Wunused-variable]
 static struct regval_list ov7670_fmt_yuv422[] = {
                           ^~~~~~~~~~~~~~~~~
make: *** [src/main.o] Greška 1
10:45:56 **** Auto Build of configuration Debug for project MAS-projekt ****
make pre-build main-build 
a9-linaro-pre-build-step
' '
'Building file: ../src/main.c'
'Invoking: ARM v7 gcc compiler'
arm-none-eabi-gcc -Wall -O0 -g3 -c -fmessage-length=0 -MT"src/main.o" -mcpu=cortex-a9 -mfpu=vfpv3 -mfloat-abi=hard -I../../mas_camera_bsp/ps7_cortexa9_0/include -MMD -MP -MF"src/main.d" -MT"src/main.o" -o "src/main.o" "../src/main.c"
../src/main.c:413:27: warning: 'ov7670_image' defined but not used [-Wunused-variable]
 static struct regval_list ov7670_image[] = {
                           ^~~~~~~~~~~~
../src/main.c:406:27: warning: 'ov7670_test_bar' defined but not used [-Wunused-variable]
 static struct regval_list ov7670_test_bar[] = {
                           ^~~~~~~~~~~~~~~
../src/main.c:399:27: warning: 'ov7670_test_shift' defined but not used [-Wunused-variable]
 static struct regval_list ov7670_test_shift[] = {
                           ^~~~~~~~~~~~~~~~~
../src/main.c:363:27: warning: 'ov7670_fmt_yuv422' defined but not used [-Wunused-variable]
 static struct regval_list ov7670_fmt_yuv422[] = {
                           ^~~~~~~~~~~~~~~~~
'Finished building: ../src/main.c'
' '
'Building target: MAS-projekt.elf'
'Invoking: ARM v7 gcc linker'
arm-none-eabi-gcc -mcpu=cortex-a9 -mfpu=vfpv3 -mfloat-abi=hard -Wl,-build-id=none -specs=Xilinx.spec -Wl,-T -Wl,../src/lscript.ld -L../../mas_camera_bsp/ps7_cortexa9_0/lib -o "MAS-projekt.elf"  ./src/echo.o ./src/main.o ./src/platform.o ./src/platform_zynq.o   -Wl,--start-group,-lxil,-lgcc,-lc,--end-group -Wl,--start-group,-lxil,-llwip4,-lgcc,-lc,--end-group
'Finished building target: MAS-projekt.elf'
' '
'Invoking: ARM v7 Print Size'
arm-none-eabi-size MAS-projekt.elf  |tee "MAS-projekt.elf.size"
   text	   data	    bss	    dec	    hex	filename
 104808	   4260	4233520	4342588	 42433c	MAS-projekt.elf
'Finished building: MAS-projekt.elf.size'
' '
10:50:02 **** Auto Build of configuration Debug for project MAS-projekt ****
make pre-build main-build 
a9-linaro-pre-build-step
' '
'Building file: ../src/main.c'
'Invoking: ARM v7 gcc compiler'
arm-none-eabi-gcc -Wall -O0 -g3 -c -fmessage-length=0 -MT"src/main.o" -mcpu=cortex-a9 -mfpu=vfpv3 -mfloat-abi=hard -I../../mas_camera_bsp/ps7_cortexa9_0/include -MMD -MP -MF"src/main.d" -MT"src/main.o" -o "src/main.o" "../src/main.c"
../src/main.c:413:27: warning: 'ov7670_image' defined but not used [-Wunused-variable]
 static struct regval_list ov7670_image[] = {
                           ^~~~~~~~~~~~
../src/main.c:406:27: warning: 'ov7670_test_bar' defined but not used [-Wunused-variable]
 static struct regval_list ov7670_test_bar[] = {
                           ^~~~~~~~~~~~~~~
../src/main.c:399:27: warning: 'ov7670_test_shift' defined but not used [-Wunused-variable]
 static struct regval_list ov7670_test_shift[] = {
                           ^~~~~~~~~~~~~~~~~
../src/main.c:363:27: warning: 'ov7670_fmt_yuv422' defined but not used [-Wunused-variable]
 static struct regval_list ov7670_fmt_yuv422[] = {
                           ^~~~~~~~~~~~~~~~~
'Finished building: ../src/main.c'
' '
'Building target: MAS-projekt.elf'
'Invoking: ARM v7 gcc linker'
arm-none-eabi-gcc -mcpu=cortex-a9 -mfpu=vfpv3 -mfloat-abi=hard -Wl,-build-id=none -specs=Xilinx.spec -Wl,-T -Wl,../src/lscript.ld -L../../mas_camera_bsp/ps7_cortexa9_0/lib -o "MAS-projekt.elf"  ./src/echo.o ./src/main.o ./src/platform.o ./src/platform_zynq.o   -Wl,--start-group,-lxil,-lgcc,-lc,--end-group -Wl,--start-group,-lxil,-llwip4,-lgcc,-lc,--end-group
'Finished building target: MAS-projekt.elf'
' '
'Invoking: ARM v7 Print Size'
arm-none-eabi-size MAS-projekt.elf  |tee "MAS-projekt.elf.size"
   text	   data	    bss	    dec	    hex	filename
 104808	   4260	4233520	4342588	 42433c	MAS-projekt.elf
'Finished building: MAS-projekt.elf.size'
' '
10:52:21 **** Auto Build of configuration Debug for project MAS-projekt ****
make pre-build main-build 
a9-linaro-pre-build-step
' '
'Building file: ../src/main.c'
'Invoking: ARM v7 gcc compiler'
arm-none-eabi-gcc -Wall -O0 -g3 -c -fmessage-length=0 -MT"src/main.o" -mcpu=cortex-a9 -mfpu=vfpv3 -mfloat-abi=hard -I../../mas_camera_bsp/ps7_cortexa9_0/include -MMD -MP -MF"src/main.d" -MT"src/main.o" -o "src/main.o" "../src/main.c"
../src/main.c:413:27: warning: 'ov7670_image' defined but not used [-Wunused-variable]
 static struct regval_list ov7670_image[] = {
                           ^~~~~~~~~~~~
../src/main.c:406:27: warning: 'ov7670_test_bar' defined but not used [-Wunused-variable]
 static struct regval_list ov7670_test_bar[] = {
                           ^~~~~~~~~~~~~~~
../src/main.c:399:27: warning: 'ov7670_test_shift' defined but not used [-Wunused-variable]
 static struct regval_list ov7670_test_shift[] = {
                           ^~~~~~~~~~~~~~~~~
../src/main.c:363:27: warning: 'ov7670_fmt_yuv422' defined but not used [-Wunused-variable]
 static struct regval_list ov7670_fmt_yuv422[] = {
                           ^~~~~~~~~~~~~~~~~
'Finished building: ../src/main.c'
' '
'Building target: MAS-projekt.elf'
'Invoking: ARM v7 gcc linker'
arm-none-eabi-gcc -mcpu=cortex-a9 -mfpu=vfpv3 -mfloat-abi=hard -Wl,-build-id=none -specs=Xilinx.spec -Wl,-T -Wl,../src/lscript.ld -L../../mas_camera_bsp/ps7_cortexa9_0/lib -o "MAS-projekt.elf"  ./src/echo.o ./src/main.o ./src/platform.o ./src/platform_zynq.o   -Wl,--start-group,-lxil,-lgcc,-lc,--end-group -Wl,--start-group,-lxil,-llwip4,-lgcc,-lc,--end-group
'Finished building target: MAS-projekt.elf'
' '
'Invoking: ARM v7 Print Size'
arm-none-eabi-size MAS-projekt.elf  |tee "MAS-projekt.elf.size"
   text	   data	    bss	    dec	    hex	filename
 104824	   4260	4233520	4342604	 42434c	MAS-projekt.elf
'Finished building: MAS-projekt.elf.size'
' '
10:52:50 **** Incremental Build of configuration Debug for project MAS-projekt ****
make pre-build main-build 
a9-linaro-pre-build-step
' '
make: Ništa za napraviti za `main-build'.
10:55:14 **** Incremental Build of configuration Debug for project MAS-projekt ****
make pre-build main-build 
a9-linaro-pre-build-step
' '
make: Ništa za napraviti za `main-build'.
11:00:18 **** Incremental Build of configuration Debug for project MAS-projekt ****
make pre-build main-build 
a9-linaro-pre-build-step
' '
make: Ništa za napraviti za `main-build'.
11:01:56 **** Incremental Build of configuration Debug for project MAS-projekt ****
make pre-build main-build 
a9-linaro-pre-build-step
' '
make: Ništa za napraviti za `main-build'.
11:03:22 **** Auto Build of configuration Debug for project MAS-projekt ****
make pre-build main-build 
a9-linaro-pre-build-step
' '
'Building file: ../src/main.c'
'Invoking: ARM v7 gcc compiler'
arm-none-eabi-gcc -Wall -O0 -g3 -c -fmessage-length=0 -MT"src/main.o" -mcpu=cortex-a9 -mfpu=vfpv3 -mfloat-abi=hard -I../../mas_camera_bsp/ps7_cortexa9_0/include -MMD -MP -MF"src/main.d" -MT"src/main.o" -o "src/main.o" "../src/main.c"
../src/main.c:413:27: warning: 'ov7670_image' defined but not used [-Wunused-variable]
 static struct regval_list ov7670_image[] = {
                           ^~~~~~~~~~~~
../src/main.c:406:27: warning: 'ov7670_test_bar' defined but not used [-Wunused-variable]
 static struct regval_list ov7670_test_bar[] = {
                           ^~~~~~~~~~~~~~~
../src/main.c:399:27: warning: 'ov7670_test_shift' defined but not used [-Wunused-variable]
 static struct regval_list ov7670_test_shift[] = {
                           ^~~~~~~~~~~~~~~~~
../src/main.c:363:27: warning: 'ov7670_fmt_yuv422' defined but not used [-Wunused-variable]
 static struct regval_list ov7670_fmt_yuv422[] = {
                           ^~~~~~~~~~~~~~~~~
'Finished building: ../src/main.c'
' '
'Building target: MAS-projekt.elf'
'Invoking: ARM v7 gcc linker'
arm-none-eabi-gcc -mcpu=cortex-a9 -mfpu=vfpv3 -mfloat-abi=hard -Wl,-build-id=none -specs=Xilinx.spec -Wl,-T -Wl,../src/lscript.ld -L../../mas_camera_bsp/ps7_cortexa9_0/lib -o "MAS-projekt.elf"  ./src/echo.o ./src/main.o ./src/platform.o ./src/platform_zynq.o   -Wl,--start-group,-lxil,-lgcc,-lc,--end-group -Wl,--start-group,-lxil,-llwip4,-lgcc,-lc,--end-group
'Finished building target: MAS-projekt.elf'
' '
'Invoking: ARM v7 Print Size'
arm-none-eabi-size MAS-projekt.elf  |tee "MAS-projekt.elf.size"
   text	   data	    bss	    dec	    hex	filename
 104824	   4260	4233520	4342604	 42434c	MAS-projekt.elf
'Finished building: MAS-projekt.elf.size'
' '
11:03:31 **** Incremental Build of configuration Debug for project MAS-projekt ****
make pre-build main-build 
a9-linaro-pre-build-step
' '
make: Ništa za napraviti za `main-build'.
11:06:58 **** Incremental Build of configuration Debug for project MAS-projekt ****
make pre-build main-build 
a9-linaro-pre-build-step
' '
make: Ništa za napraviti za `main-build'.
11:09:17 **** Auto Build of configuration Debug for project MAS-projekt ****
make pre-build main-build 
a9-linaro-pre-build-step
' '
'Building file: ../src/main.c'
'Invoking: ARM v7 gcc compiler'
arm-none-eabi-gcc -Wall -O0 -g3 -c -fmessage-length=0 -MT"src/main.o" -mcpu=cortex-a9 -mfpu=vfpv3 -mfloat-abi=hard -I../../mas_camera_bsp/ps7_cortexa9_0/include -MMD -MP -MF"src/main.d" -MT"src/main.o" -o "src/main.o" "../src/main.c"
../src/main.c:413:27: warning: 'ov7670_image' defined but not used [-Wunused-variable]
 static struct regval_list ov7670_image[] = {
                           ^~~~~~~~~~~~
../src/main.c:406:27: warning: 'ov7670_test_bar' defined but not used [-Wunused-variable]
 static struct regval_list ov7670_test_bar[] = {
                           ^~~~~~~~~~~~~~~
../src/main.c:399:27: warning: 'ov7670_test_shift' defined but not used [-Wunused-variable]
 static struct regval_list ov7670_test_shift[] = {
                           ^~~~~~~~~~~~~~~~~
../src/main.c:363:27: warning: 'ov7670_fmt_yuv422' defined but not used [-Wunused-variable]
 static struct regval_list ov7670_fmt_yuv422[] = {
                           ^~~~~~~~~~~~~~~~~
'Finished building: ../src/main.c'
' '
'Building target: MAS-projekt.elf'
'Invoking: ARM v7 gcc linker'
arm-none-eabi-gcc -mcpu=cortex-a9 -mfpu=vfpv3 -mfloat-abi=hard -Wl,-build-id=none -specs=Xilinx.spec -Wl,-T -Wl,../src/lscript.ld -L../../mas_camera_bsp/ps7_cortexa9_0/lib -o "MAS-projekt.elf"  ./src/echo.o ./src/main.o ./src/platform.o ./src/platform_zynq.o   -Wl,--start-group,-lxil,-lgcc,-lc,--end-group -Wl,--start-group,-lxil,-llwip4,-lgcc,-lc,--end-group
'Finished building target: MAS-projekt.elf'
' '
'Invoking: ARM v7 Print Size'
arm-none-eabi-size MAS-projekt.elf  |tee "MAS-projekt.elf.size"
   text	   data	    bss	    dec	    hex	filename
 104824	   4260	4233520	4342604	 42434c	MAS-projekt.elf
'Finished building: MAS-projekt.elf.size'
' '
11:11:25 **** Incremental Build of configuration Debug for project MAS-projekt ****
make pre-build main-build 
a9-linaro-pre-build-step
' '
make: Ništa za napraviti za `main-build'.
11:32:08 **** Auto Build of configuration Debug for project MAS-projekt ****
make pre-build main-build 
a9-linaro-pre-build-step
' '
'Building file: ../src/main.c'
'Invoking: ARM v7 gcc compiler'
arm-none-eabi-gcc -Wall -O0 -g3 -c -fmessage-length=0 -MT"src/main.o" -mcpu=cortex-a9 -mfpu=vfpv3 -mfloat-abi=hard -I../../mas_camera_bsp/ps7_cortexa9_0/include -MMD -MP -MF"src/main.d" -MT"src/main.o" -o "src/main.o" "../src/main.c"
../src/main.c:413:27: warning: 'ov7670_image' defined but not used [-Wunused-variable]
 static struct regval_list ov7670_image[] = {
                           ^~~~~~~~~~~~
../src/main.c:399:27: warning: 'ov7670_test_shift' defined but not used [-Wunused-variable]
 static struct regval_list ov7670_test_shift[] = {
                           ^~~~~~~~~~~~~~~~~
../src/main.c:363:27: warning: 'ov7670_fmt_yuv422' defined but not used [-Wunused-variable]
 static struct regval_list ov7670_fmt_yuv422[] = {
                           ^~~~~~~~~~~~~~~~~
'Finished building: ../src/main.c'
' '
'Building target: MAS-projekt.elf'
'Invoking: ARM v7 gcc linker'
arm-none-eabi-gcc -mcpu=cortex-a9 -mfpu=vfpv3 -mfloat-abi=hard -Wl,-build-id=none -specs=Xilinx.spec -Wl,-T -Wl,../src/lscript.ld -L../../mas_camera_bsp/ps7_cortexa9_0/lib -o "MAS-projekt.elf"  ./src/echo.o ./src/main.o ./src/platform.o ./src/platform_zynq.o   -Wl,--start-group,-lxil,-lgcc,-lc,--end-group -Wl,--start-group,-lxil,-llwip4,-lgcc,-lc,--end-group
'Finished building target: MAS-projekt.elf'
' '
'Invoking: ARM v7 Print Size'
arm-none-eabi-size MAS-projekt.elf  |tee "MAS-projekt.elf.size"
   text	   data	    bss	    dec	    hex	filename
 104952	   4260	4233520	4342732	 4243cc	MAS-projekt.elf
'Finished building: MAS-projekt.elf.size'
' '
11:32:22 **** Auto Build of configuration Debug for project MAS-projekt ****
make pre-build main-build 
a9-linaro-pre-build-step
' '
'Building file: ../src/main.c'
'Invoking: ARM v7 gcc compiler'
arm-none-eabi-gcc -Wall -O0 -g3 -c -fmessage-length=0 -MT"src/main.o" -mcpu=cortex-a9 -mfpu=vfpv3 -mfloat-abi=hard -I../../mas_camera_bsp/ps7_cortexa9_0/include -MMD -MP -MF"src/main.d" -MT"src/main.o" -o "src/main.o" "../src/main.c"
../src/main.c:413:27: warning: 'ov7670_image' defined but not used [-Wunused-variable]
 static struct regval_list ov7670_image[] = {
                           ^~~~~~~~~~~~
../src/main.c:399:27: warning: 'ov7670_test_shift' defined but not used [-Wunused-variable]
 static struct regval_list ov7670_test_shift[] = {
                           ^~~~~~~~~~~~~~~~~
../src/main.c:363:27: warning: 'ov7670_fmt_yuv422' defined but not used [-Wunused-variable]
 static struct regval_list ov7670_fmt_yuv422[] = {
                           ^~~~~~~~~~~~~~~~~
'Finished building: ../src/main.c'
' '
'Building target: MAS-projekt.elf'
'Invoking: ARM v7 gcc linker'
arm-none-eabi-gcc -mcpu=cortex-a9 -mfpu=vfpv3 -mfloat-abi=hard -Wl,-build-id=none -specs=Xilinx.spec -Wl,-T -Wl,../src/lscript.ld -L../../mas_camera_bsp/ps7_cortexa9_0/lib -o "MAS-projekt.elf"  ./src/echo.o ./src/main.o ./src/platform.o ./src/platform_zynq.o   -Wl,--start-group,-lxil,-lgcc,-lc,--end-group -Wl,--start-group,-lxil,-llwip4,-lgcc,-lc,--end-group
'Finished building target: MAS-projekt.elf'
' '
'Invoking: ARM v7 Print Size'
arm-none-eabi-size MAS-projekt.elf  |tee "MAS-projekt.elf.size"
   text	   data	    bss	    dec	    hex	filename
 104952	   4260	4233520	4342732	 4243cc	MAS-projekt.elf
'Finished building: MAS-projekt.elf.size'
' '
11:32:47 **** Incremental Build of configuration Debug for project MAS-projekt ****
make pre-build main-build 
a9-linaro-pre-build-step
' '
make: Ništa za napraviti za `main-build'.
11:35:37 **** Auto Build of configuration Debug for project MAS-projekt ****
make pre-build main-build 
a9-linaro-pre-build-step
' '
'Building file: ../src/main.c'
'Invoking: ARM v7 gcc compiler'
arm-none-eabi-gcc -Wall -O0 -g3 -c -fmessage-length=0 -MT"src/main.o" -mcpu=cortex-a9 -mfpu=vfpv3 -mfloat-abi=hard -I../../mas_camera_bsp/ps7_cortexa9_0/include -MMD -MP -MF"src/main.d" -MT"src/main.o" -o "src/main.o" "../src/main.c"
../src/main.c: In function 'accept_callback':
../src/main.c:661:19: error: 'z' undeclared (first use in this function)
   xil_printf("%d",z);
                   ^
../src/main.c:661:19: note: each undeclared identifier is reported only once for each function it appears in
At top level:
../src/main.c:413:27: warning: 'ov7670_image' defined but not used [-Wunused-variable]
 static struct regval_list ov7670_image[] = {
                           ^~~~~~~~~~~~
../src/main.c:399:27: warning: 'ov7670_test_shift' defined but not used [-Wunused-variable]
 static struct regval_list ov7670_test_shift[] = {
                           ^~~~~~~~~~~~~~~~~
../src/main.c:363:27: warning: 'ov7670_fmt_yuv422' defined but not used [-Wunused-variable]
 static struct regval_list ov7670_fmt_yuv422[] = {
                           ^~~~~~~~~~~~~~~~~
make: *** [src/main.o] Greška 1
11:35:45 **** Auto Build of configuration Debug for project MAS-projekt ****
make pre-build main-build 
a9-linaro-pre-build-step
' '
'Building file: ../src/main.c'
'Invoking: ARM v7 gcc compiler'
arm-none-eabi-gcc -Wall -O0 -g3 -c -fmessage-length=0 -MT"src/main.o" -mcpu=cortex-a9 -mfpu=vfpv3 -mfloat-abi=hard -I../../mas_camera_bsp/ps7_cortexa9_0/include -MMD -MP -MF"src/main.d" -MT"src/main.o" -o "src/main.o" "../src/main.c"
../src/main.c:413:27: warning: 'ov7670_image' defined but not used [-Wunused-variable]
 static struct regval_list ov7670_image[] = {
                           ^~~~~~~~~~~~
../src/main.c:399:27: warning: 'ov7670_test_shift' defined but not used [-Wunused-variable]
 static struct regval_list ov7670_test_shift[] = {
                           ^~~~~~~~~~~~~~~~~
../src/main.c:363:27: warning: 'ov7670_fmt_yuv422' defined but not used [-Wunused-variable]
 static struct regval_list ov7670_fmt_yuv422[] = {
                           ^~~~~~~~~~~~~~~~~
'Finished building: ../src/main.c'
' '
'Building target: MAS-projekt.elf'
'Invoking: ARM v7 gcc linker'
arm-none-eabi-gcc -mcpu=cortex-a9 -mfpu=vfpv3 -mfloat-abi=hard -Wl,-build-id=none -specs=Xilinx.spec -Wl,-T -Wl,../src/lscript.ld -L../../mas_camera_bsp/ps7_cortexa9_0/lib -o "MAS-projekt.elf"  ./src/echo.o ./src/main.o ./src/platform.o ./src/platform_zynq.o   -Wl,--start-group,-lxil,-lgcc,-lc,--end-group -Wl,--start-group,-lxil,-llwip4,-lgcc,-lc,--end-group
'Finished building target: MAS-projekt.elf'
' '
'Invoking: ARM v7 Print Size'
arm-none-eabi-size MAS-projekt.elf  |tee "MAS-projekt.elf.size"
   text	   data	    bss	    dec	    hex	filename
 105096	   4260	4233520	4342876	 42445c	MAS-projekt.elf
'Finished building: MAS-projekt.elf.size'
' '
11:36:17 **** Incremental Build of configuration Debug for project MAS-projekt ****
make pre-build main-build 
a9-linaro-pre-build-step
' '
make: Ništa za napraviti za `main-build'.
11:43:53 **** Auto Build of configuration Debug for project MAS-projekt ****
make pre-build main-build 
a9-linaro-pre-build-step
' '
'Building file: ../src/main.c'
'Invoking: ARM v7 gcc compiler'
arm-none-eabi-gcc -Wall -O0 -g3 -c -fmessage-length=0 -MT"src/main.o" -mcpu=cortex-a9 -mfpu=vfpv3 -mfloat-abi=hard -I../../mas_camera_bsp/ps7_cortexa9_0/include -MMD -MP -MF"src/main.d" -MT"src/main.o" -o "src/main.o" "../src/main.c"
../src/main.c:413:27: warning: 'ov7670_image' defined but not used [-Wunused-variable]
 static struct regval_list ov7670_image[] = {
                           ^~~~~~~~~~~~
../src/main.c:399:27: warning: 'ov7670_test_shift' defined but not used [-Wunused-variable]
 static struct regval_list ov7670_test_shift[] = {
                           ^~~~~~~~~~~~~~~~~
../src/main.c:363:27: warning: 'ov7670_fmt_yuv422' defined but not used [-Wunused-variable]
 static struct regval_list ov7670_fmt_yuv422[] = {
                           ^~~~~~~~~~~~~~~~~
'Finished building: ../src/main.c'
' '
'Building target: MAS-projekt.elf'
'Invoking: ARM v7 gcc linker'
arm-none-eabi-gcc -mcpu=cortex-a9 -mfpu=vfpv3 -mfloat-abi=hard -Wl,-build-id=none -specs=Xilinx.spec -Wl,-T -Wl,../src/lscript.ld -L../../mas_camera_bsp/ps7_cortexa9_0/lib -o "MAS-projekt.elf"  ./src/echo.o ./src/main.o ./src/platform.o ./src/platform_zynq.o   -Wl,--start-group,-lxil,-lgcc,-lc,--end-group -Wl,--start-group,-lxil,-llwip4,-lgcc,-lc,--end-group
'Finished building target: MAS-projekt.elf'
' '
'Invoking: ARM v7 Print Size'
arm-none-eabi-size MAS-projekt.elf  |tee "MAS-projekt.elf.size"
   text	   data	    bss	    dec	    hex	filename
 104952	   4260	4233520	4342732	 4243cc	MAS-projekt.elf
'Finished building: MAS-projekt.elf.size'
' '
11:44:47 **** Incremental Build of configuration Debug for project MAS-projekt ****
make pre-build main-build 
a9-linaro-pre-build-step
' '
make: Ništa za napraviti za `main-build'.
11:53:15 **** Auto Build of configuration Debug for project MAS-projekt ****
make pre-build main-build 
a9-linaro-pre-build-step
' '
'Building file: ../src/main.c'
'Invoking: ARM v7 gcc compiler'
arm-none-eabi-gcc -Wall -O0 -g3 -c -fmessage-length=0 -MT"src/main.o" -mcpu=cortex-a9 -mfpu=vfpv3 -mfloat-abi=hard -I../../mas_camera_bsp/ps7_cortexa9_0/include -MMD -MP -MF"src/main.d" -MT"src/main.o" -o "src/main.o" "../src/main.c"
../src/main.c:413:27: warning: 'ov7670_image' defined but not used [-Wunused-variable]
 static struct regval_list ov7670_image[] = {
                           ^~~~~~~~~~~~
../src/main.c:399:27: warning: 'ov7670_test_shift' defined but not used [-Wunused-variable]
 static struct regval_list ov7670_test_shift[] = {
                           ^~~~~~~~~~~~~~~~~
../src/main.c:363:27: warning: 'ov7670_fmt_yuv422' defined but not used [-Wunused-variable]
 static struct regval_list ov7670_fmt_yuv422[] = {
                           ^~~~~~~~~~~~~~~~~
'Finished building: ../src/main.c'
' '
'Building target: MAS-projekt.elf'
'Invoking: ARM v7 gcc linker'
arm-none-eabi-gcc -mcpu=cortex-a9 -mfpu=vfpv3 -mfloat-abi=hard -Wl,-build-id=none -specs=Xilinx.spec -Wl,-T -Wl,../src/lscript.ld -L../../mas_camera_bsp/ps7_cortexa9_0/lib -o "MAS-projekt.elf"  ./src/echo.o ./src/main.o ./src/platform.o ./src/platform_zynq.o   -Wl,--start-group,-lxil,-lgcc,-lc,--end-group -Wl,--start-group,-lxil,-llwip4,-lgcc,-lc,--end-group
'Finished building target: MAS-projekt.elf'
' '
'Invoking: ARM v7 Print Size'
arm-none-eabi-size MAS-projekt.elf  |tee "MAS-projekt.elf.size"
   text	   data	    bss	    dec	    hex	filename
 104952	   4260	4233520	4342732	 4243cc	MAS-projekt.elf
'Finished building: MAS-projekt.elf.size'
' '
11:53:36 **** Incremental Build of configuration Debug for project MAS-projekt ****
make pre-build main-build 
a9-linaro-pre-build-step
' '
make: Ništa za napraviti za `main-build'.
13:04:13 **** Incremental Build of configuration Debug for project MAS-projekt ****
make pre-build main-build 
a9-linaro-pre-build-step
' '
make: Ništa za napraviti za `main-build'.
13:11:48 **** Auto Build of configuration Debug for project MAS-projekt ****
make pre-build main-build 
a9-linaro-pre-build-step
' '
'Building file: ../src/main.c'
'Invoking: ARM v7 gcc compiler'
arm-none-eabi-gcc -Wall -O0 -g3 -c -fmessage-length=0 -MT"src/main.o" -mcpu=cortex-a9 -mfpu=vfpv3 -mfloat-abi=hard -I../../mas_camera_bsp/ps7_cortexa9_0/include -MMD -MP -MF"src/main.d" -MT"src/main.o" -o "src/main.o" "../src/main.c"
../src/main.c:413:27: warning: 'ov7670_image' defined but not used [-Wunused-variable]
 static struct regval_list ov7670_image[] = {
                           ^~~~~~~~~~~~
../src/main.c:399:27: warning: 'ov7670_test_shift' defined but not used [-Wunused-variable]
 static struct regval_list ov7670_test_shift[] = {
                           ^~~~~~~~~~~~~~~~~
../src/main.c:363:27: warning: 'ov7670_fmt_yuv422' defined but not used [-Wunused-variable]
 static struct regval_list ov7670_fmt_yuv422[] = {
                           ^~~~~~~~~~~~~~~~~
'Finished building: ../src/main.c'
' '
'Building target: MAS-projekt.elf'
'Invoking: ARM v7 gcc linker'
arm-none-eabi-gcc -mcpu=cortex-a9 -mfpu=vfpv3 -mfloat-abi=hard -Wl,-build-id=none -specs=Xilinx.spec -Wl,-T -Wl,../src/lscript.ld -L../../mas_camera_bsp/ps7_cortexa9_0/lib -o "MAS-projekt.elf"  ./src/echo.o ./src/main.o ./src/platform.o ./src/platform_zynq.o   -Wl,--start-group,-lxil,-lgcc,-lc,--end-group -Wl,--start-group,-lxil,-llwip4,-lgcc,-lc,--end-group
'Finished building target: MAS-projekt.elf'
' '
'Invoking: ARM v7 Print Size'
arm-none-eabi-size MAS-projekt.elf  |tee "MAS-projekt.elf.size"
   text	   data	    bss	    dec	    hex	filename
 104952	   4260	4233520	4342732	 4243cc	MAS-projekt.elf
'Finished building: MAS-projekt.elf.size'
' '
13:11:56 **** Incremental Build of configuration Debug for project MAS-projekt ****
make pre-build main-build 
a9-linaro-pre-build-step
' '
make: Ništa za napraviti za `main-build'.
13:14:34 **** Auto Build of configuration Debug for project MAS-projekt ****
make pre-build main-build 
a9-linaro-pre-build-step
' '
'Building file: ../src/main.c'
'Invoking: ARM v7 gcc compiler'
arm-none-eabi-gcc -Wall -O0 -g3 -c -fmessage-length=0 -MT"src/main.o" -mcpu=cortex-a9 -mfpu=vfpv3 -mfloat-abi=hard -I../../mas_camera_bsp/ps7_cortexa9_0/include -MMD -MP -MF"src/main.d" -MT"src/main.o" -o "src/main.o" "../src/main.c"
../src/main.c:413:27: warning: 'ov7670_image' defined but not used [-Wunused-variable]
 static struct regval_list ov7670_image[] = {
                           ^~~~~~~~~~~~
../src/main.c:399:27: warning: 'ov7670_test_shift' defined but not used [-Wunused-variable]
 static struct regval_list ov7670_test_shift[] = {
                           ^~~~~~~~~~~~~~~~~
../src/main.c:363:27: warning: 'ov7670_fmt_yuv422' defined but not used [-Wunused-variable]
 static struct regval_list ov7670_fmt_yuv422[] = {
                           ^~~~~~~~~~~~~~~~~
'Finished building: ../src/main.c'
' '
'Building target: MAS-projekt.elf'
'Invoking: ARM v7 gcc linker'
arm-none-eabi-gcc -mcpu=cortex-a9 -mfpu=vfpv3 -mfloat-abi=hard -Wl,-build-id=none -specs=Xilinx.spec -Wl,-T -Wl,../src/lscript.ld -L../../mas_camera_bsp/ps7_cortexa9_0/lib -o "MAS-projekt.elf"  ./src/echo.o ./src/main.o ./src/platform.o ./src/platform_zynq.o   -Wl,--start-group,-lxil,-lgcc,-lc,--end-group -Wl,--start-group,-lxil,-llwip4,-lgcc,-lc,--end-group
'Finished building target: MAS-projekt.elf'
' '
'Invoking: ARM v7 Print Size'
arm-none-eabi-size MAS-projekt.elf  |tee "MAS-projekt.elf.size"
   text	   data	    bss	    dec	    hex	filename
 104952	   4260	4233520	4342732	 4243cc	MAS-projekt.elf
'Finished building: MAS-projekt.elf.size'
' '
13:55:25 **** Incremental Build of configuration Debug for project MAS-projekt ****
make pre-build main-build 
a9-linaro-pre-build-step
' '
make: Ništa za napraviti za `main-build'.
15:12:48 **** Incremental Build of configuration Debug for project MAS-projekt ****
make pre-build main-build 
a9-linaro-pre-build-step
' '
make: Ništa za napraviti za `main-build'.
15:22:44 **** Auto Build of configuration Debug for project MAS-projekt ****
make pre-build main-build 
a9-linaro-pre-build-step
' '
'Building file: ../src/main.c'
'Invoking: ARM v7 gcc compiler'
arm-none-eabi-gcc -Wall -O0 -g3 -c -fmessage-length=0 -MT"src/main.o" -mcpu=cortex-a9 -mfpu=vfpv3 -mfloat-abi=hard -I../../mas_camera_bsp/ps7_cortexa9_0/include -MMD -MP -MF"src/main.d" -MT"src/main.o" -o "src/main.o" "../src/main.c"
../src/main.c:413:27: warning: 'ov7670_image' defined but not used [-Wunused-variable]
 static struct regval_list ov7670_image[] = {
                           ^~~~~~~~~~~~
../src/main.c:399:27: warning: 'ov7670_test_shift' defined but not used [-Wunused-variable]
 static struct regval_list ov7670_test_shift[] = {
                           ^~~~~~~~~~~~~~~~~
../src/main.c:363:27: warning: 'ov7670_fmt_yuv422' defined but not used [-Wunused-variable]
 static struct regval_list ov7670_fmt_yuv422[] = {
                           ^~~~~~~~~~~~~~~~~
'Finished building: ../src/main.c'
' '
'Building target: MAS-projekt.elf'
'Invoking: ARM v7 gcc linker'
arm-none-eabi-gcc -mcpu=cortex-a9 -mfpu=vfpv3 -mfloat-abi=hard -Wl,-build-id=none -specs=Xilinx.spec -Wl,-T -Wl,../src/lscript.ld -L../../mas_camera_bsp/ps7_cortexa9_0/lib -o "MAS-projekt.elf"  ./src/echo.o ./src/main.o ./src/platform.o ./src/platform_zynq.o   -Wl,--start-group,-lxil,-lgcc,-lc,--end-group -Wl,--start-group,-lxil,-llwip4,-lgcc,-lc,--end-group
'Finished building target: MAS-projekt.elf'
' '
'Invoking: ARM v7 Print Size'
arm-none-eabi-size MAS-projekt.elf  |tee "MAS-projekt.elf.size"
   text	   data	    bss	    dec	    hex	filename
 104952	   4260	4233520	4342732	 4243cc	MAS-projekt.elf
'Finished building: MAS-projekt.elf.size'
' '
15:22:54 **** Incremental Build of configuration Debug for project MAS-projekt ****
make pre-build main-build 
a9-linaro-pre-build-step
' '
make: Ništa za napraviti za `main-build'.
15:31:08 **** Auto Build of configuration Debug for project MAS-projekt ****
make pre-build main-build 
a9-linaro-pre-build-step
' '
'Building file: ../src/main.c'
'Invoking: ARM v7 gcc compiler'
arm-none-eabi-gcc -Wall -O0 -g3 -c -fmessage-length=0 -MT"src/main.o" -mcpu=cortex-a9 -mfpu=vfpv3 -mfloat-abi=hard -I../../mas_camera_bsp/ps7_cortexa9_0/include -MMD -MP -MF"src/main.d" -MT"src/main.o" -o "src/main.o" "../src/main.c"
../src/main.c:413:27: warning: 'ov7670_image' defined but not used [-Wunused-variable]
'Finished building: ../src/main.c'
 static struct regval_list ov7670_image[] = {
' '
                           ^~~~~~~~~~~~
'Building target: MAS-projekt.elf'
../src/main.c:399:27: warning: 'ov7670_test_shift' defined but not used [-Wunused-variable]
'Invoking: ARM v7 gcc linker'
 static struct regval_list ov7670_test_shift[] = {
arm-none-eabi-gcc -mcpu=cortex-a9 -mfpu=vfpv3 -mfloat-abi=hard -Wl,-build-id=none -specs=Xilinx.spec -Wl,-T -Wl,../src/lscript.ld -L../../mas_camera_bsp/ps7_cortexa9_0/lib -o "MAS-projekt.elf"  ./src/echo.o ./src/main.o ./src/platform.o ./src/platform_zynq.o   -Wl,--start-group,-lxil,-lgcc,-lc,--end-group -Wl,--start-group,-lxil,-llwip4,-lgcc,-lc,--end-group
                           ^~~~~~~~~~~~~~~~~
'Finished building target: MAS-projekt.elf'
' '
'Invoking: ARM v7 Print Size'
arm-none-eabi-size MAS-projekt.elf  |tee "MAS-projekt.elf.size"
   text	   data	    bss	    dec	    hex	filename
 105080	   4260	4233520	4342860	 42444c	MAS-projekt.elf
'Finished building: MAS-projekt.elf.size'
' '
15:31:34 **** Auto Build of configuration Debug for project MAS-projekt ****
make pre-build main-build 
a9-linaro-pre-build-step
' '
'Building file: ../src/main.c'
'Invoking: ARM v7 gcc compiler'
arm-none-eabi-gcc -Wall -O0 -g3 -c -fmessage-length=0 -MT"src/main.o" -mcpu=cortex-a9 -mfpu=vfpv3 -mfloat-abi=hard -I../../mas_camera_bsp/ps7_cortexa9_0/include -MMD -MP -MF"src/main.d" -MT"src/main.o" -o "src/main.o" "../src/main.c"
../src/main.c: In function 'main':
../src/main.c:487:2: warning: implicit declaration of function 'InitYUV222' [-Wimplicit-function-declaration]
  InitYUV222();
  ^~~~~~~~~~
At top level:
../src/main.c:413:27: warning: 'ov7670_image' defined but not used [-Wunused-variable]
 static struct regval_list ov7670_image[] = {
                           ^~~~~~~~~~~~
../src/main.c:399:27: warning: 'ov7670_test_shift' defined but not used [-Wunused-variable]
 static struct regval_list ov7670_test_shift[] = {
                           ^~~~~~~~~~~~~~~~~
'Finished building: ../src/main.c'
' '
'Building target: MAS-projekt.elf'
'Invoking: ARM v7 gcc linker'
arm-none-eabi-gcc -mcpu=cortex-a9 -mfpu=vfpv3 -mfloat-abi=hard -Wl,-build-id=none -specs=Xilinx.spec -Wl,-T -Wl,../src/lscript.ld -L../../mas_camera_bsp/ps7_cortexa9_0/lib -o "MAS-projekt.elf"  ./src/echo.o ./src/main.o ./src/platform.o ./src/platform_zynq.o   -Wl,--start-group,-lxil,-lgcc,-lc,--end-group -Wl,--start-group,-lxil,-llwip4,-lgcc,-lc,--end-group
./src/main.o: In function `main':
C:\Users\Karlo\Desktop\MAS\mas-projekt\ProjektMAS.sdk\MAS-projekt\Debug/../src/main.c:487: undefined reference to `InitYUV222'
collect2.exe: error: ld returned 1 exit status
make: *** [MAS-projekt.elf] Greška 1
15:31:58 **** Auto Build of configuration Debug for project MAS-projekt ****
make pre-build main-build 
a9-linaro-pre-build-step
' '
'Building file: ../src/main.c'
'Invoking: ARM v7 gcc compiler'
arm-none-eabi-gcc -Wall -O0 -g3 -c -fmessage-length=0 -MT"src/main.o" -mcpu=cortex-a9 -mfpu=vfpv3 -mfloat-abi=hard -I../../mas_camera_bsp/ps7_cortexa9_0/include -MMD -MP -MF"src/main.d" -MT"src/main.o" -o "src/main.o" "../src/main.c"
../src/main.c:414:27: warning: 'ov7670_image' defined but not used [-Wunused-variable]
 static struct regval_list ov7670_image[] = {
                           ^~~~~~~~~~~~
../src/main.c:400:27: warning: 'ov7670_test_shift' defined but not used [-Wunused-variable]
 static struct regval_list ov7670_test_shift[] = {
                           ^~~~~~~~~~~~~~~~~
'Finished building: ../src/main.c'
' '
'Building target: MAS-projekt.elf'
'Invoking: ARM v7 gcc linker'
arm-none-eabi-gcc -mcpu=cortex-a9 -mfpu=vfpv3 -mfloat-abi=hard -Wl,-build-id=none -specs=Xilinx.spec -Wl,-T -Wl,../src/lscript.ld -L../../mas_camera_bsp/ps7_cortexa9_0/lib -o "MAS-projekt.elf"  ./src/echo.o ./src/main.o ./src/platform.o ./src/platform_zynq.o   -Wl,--start-group,-lxil,-lgcc,-lc,--end-group -Wl,--start-group,-lxil,-llwip4,-lgcc,-lc,--end-group
'Finished building target: MAS-projekt.elf'
' '
'Invoking: ARM v7 Print Size'
arm-none-eabi-size MAS-projekt.elf  |tee "MAS-projekt.elf.size"
   text	   data	    bss	    dec	    hex	filename
 105080	   4260	4233520	4342860	 42444c	MAS-projekt.elf
'Finished building: MAS-projekt.elf.size'
' '
15:46:43 **** Incremental Build of configuration Debug for project MAS-projekt ****
make pre-build main-build 
a9-linaro-pre-build-step
' '
make: Ništa za napraviti za `main-build'.
15:48:03 **** Auto Build of configuration Debug for project MAS-projekt ****
make pre-build main-build 
a9-linaro-pre-build-step
' '
'Building file: ../src/main.c'
'Invoking: ARM v7 gcc compiler'
arm-none-eabi-gcc -Wall -O0 -g3 -c -fmessage-length=0 -MT"src/main.o" -mcpu=cortex-a9 -mfpu=vfpv3 -mfloat-abi=hard -I../../mas_camera_bsp/ps7_cortexa9_0/include -MMD -MP -MF"src/main.d" -MT"src/main.o" -o "src/main.o" "../src/main.c"
../src/main.c:414:27: warning: 'ov7670_image' defined but not used [-Wunused-variable]
 static struct regval_list ov7670_image[] = {
                           ^~~~~~~~~~~~
../src/main.c:400:27: warning: 'ov7670_test_shift' defined but not used [-Wunused-variable]
 static struct regval_list ov7670_test_shift[] = {
                           ^~~~~~~~~~~~~~~~~
'Finished building: ../src/main.c'
' '
'Building target: MAS-projekt.elf'
'Invoking: ARM v7 gcc linker'
arm-none-eabi-gcc -mcpu=cortex-a9 -mfpu=vfpv3 -mfloat-abi=hard -Wl,-build-id=none -specs=Xilinx.spec -Wl,-T -Wl,../src/lscript.ld -L../../mas_camera_bsp/ps7_cortexa9_0/lib -o "MAS-projekt.elf"  ./src/echo.o ./src/main.o ./src/platform.o ./src/platform_zynq.o   -Wl,--start-group,-lxil,-lgcc,-lc,--end-group -Wl,--start-group,-lxil,-llwip4,-lgcc,-lc,--end-group
'Finished building target: MAS-projekt.elf'
' '
'Invoking: ARM v7 Print Size'
arm-none-eabi-size MAS-projekt.elf  |tee "MAS-projekt.elf.size"
   text	   data	    bss	    dec	    hex	filename
 105080	   4260	4233520	4342860	 42444c	MAS-projekt.elf
'Finished building: MAS-projekt.elf.size'
' '
15:48:35 **** Incremental Build of configuration Debug for project MAS-projekt ****
make pre-build main-build 
a9-linaro-pre-build-step
' '
make: Ništa za napraviti za `main-build'.
16:17:10 **** Incremental Build of configuration Debug for project MAS-projekt ****
make pre-build main-build 
a9-linaro-pre-build-step
' '
make: Ništa za napraviti za `main-build'.
16:18:59 **** Auto Build of configuration Debug for project MAS-projekt ****
make pre-build main-build 
a9-linaro-pre-build-step
' '
'Building file: ../src/main.c'
'Invoking: ARM v7 gcc compiler'
arm-none-eabi-gcc -Wall -O0 -g3 -c -fmessage-length=0 -MT"src/main.o" -mcpu=cortex-a9 -mfpu=vfpv3 -mfloat-abi=hard -I../../mas_camera_bsp/ps7_cortexa9_0/include -MMD -MP -MF"src/main.d" -MT"src/main.o" -o "src/main.o" "../src/main.c"
../src/main.c:414:27: warning: 'ov7670_image' defined but not used [-Wunused-variable]
 static struct regval_list ov7670_image[] = {
                           ^~~~~~~~~~~~
../src/main.c:400:27: warning: 'ov7670_test_shift' defined but not used [-Wunused-variable]
 static struct regval_list ov7670_test_shift[] = {
                           ^~~~~~~~~~~~~~~~~
'Finished building: ../src/main.c'
' '
'Building target: MAS-projekt.elf'
'Invoking: ARM v7 gcc linker'
arm-none-eabi-gcc -mcpu=cortex-a9 -mfpu=vfpv3 -mfloat-abi=hard -Wl,-build-id=none -specs=Xilinx.spec -Wl,-T -Wl,../src/lscript.ld -L../../mas_camera_bsp/ps7_cortexa9_0/lib -o "MAS-projekt.elf"  ./src/echo.o ./src/main.o ./src/platform.o ./src/platform_zynq.o   -Wl,--start-group,-lxil,-lgcc,-lc,--end-group -Wl,--start-group,-lxil,-llwip4,-lgcc,-lc,--end-group
'Finished building target: MAS-projekt.elf'
' '
'Invoking: ARM v7 Print Size'
arm-none-eabi-size MAS-projekt.elf  |tee "MAS-projekt.elf.size"
   text	   data	    bss	    dec	    hex	filename
 105080	   4260	4233520	4342860	 42444c	MAS-projekt.elf
'Finished building: MAS-projekt.elf.size'
' '
16:19:07 **** Incremental Build of configuration Debug for project MAS-projekt ****
make pre-build main-build 
a9-linaro-pre-build-step
' '
make: Ništa za napraviti za `main-build'.
16:20:49 **** Incremental Build of configuration Debug for project MAS-projekt ****
make pre-build main-build 
a9-linaro-pre-build-step
' '
make: Ništa za napraviti za `main-build'.
16:34:13 **** Auto Build of configuration Debug for project MAS-projekt ****
make pre-build main-build 
a9-linaro-pre-build-step
' '
'Building file: ../src/main.c'
'Invoking: ARM v7 gcc compiler'
arm-none-eabi-gcc -Wall -O0 -g3 -c -fmessage-length=0 -MT"src/main.o" -mcpu=cortex-a9 -mfpu=vfpv3 -mfloat-abi=hard -I../../mas_camera_bsp/ps7_cortexa9_0/include -MMD -MP -MF"src/main.d" -MT"src/main.o" -o "src/main.o" "../src/main.c"
../src/main.c:414:27: warning: 'ov7670_image' defined but not used [-Wunused-variable]
 static struct regval_list ov7670_image[] = {
                           ^~~~~~~~~~~~
../src/main.c:400:27: warning: 'ov7670_test_shift' defined but not used [-Wunused-variable]
 static struct regval_list ov7670_test_shift[] = {
                           ^~~~~~~~~~~~~~~~~
'Finished building: ../src/main.c'
' '
'Building target: MAS-projekt.elf'
'Invoking: ARM v7 gcc linker'
arm-none-eabi-gcc -mcpu=cortex-a9 -mfpu=vfpv3 -mfloat-abi=hard -Wl,-build-id=none -specs=Xilinx.spec -Wl,-T -Wl,../src/lscript.ld -L../../mas_camera_bsp/ps7_cortexa9_0/lib -o "MAS-projekt.elf"  ./src/echo.o ./src/main.o ./src/platform.o ./src/platform_zynq.o   -Wl,--start-group,-lxil,-lgcc,-lc,--end-group -Wl,--start-group,-lxil,-llwip4,-lgcc,-lc,--end-group
'Finished building target: MAS-projekt.elf'
' '
'Invoking: ARM v7 Print Size'
arm-none-eabi-size MAS-projekt.elf  |tee "MAS-projekt.elf.size"
   text	   data	    bss	    dec	    hex	filename
 105080	   4260	4233520	4342860	 42444c	MAS-projekt.elf
'Finished building: MAS-projekt.elf.size'
' '
16:34:21 **** Incremental Build of configuration Debug for project MAS-projekt ****
make pre-build main-build 
a9-linaro-pre-build-step
' '
make: Ništa za napraviti za `main-build'.
16:41:18 **** Incremental Build of configuration Debug for project MAS-projekt ****
make pre-build main-build 
a9-linaro-pre-build-step
' '
make: Ništa za napraviti za `main-build'.
16:48:26 **** Auto Build of configuration Debug for project MAS-projekt ****
make pre-build main-build 
a9-linaro-pre-build-step
' '
'Building file: ../src/main.c'
'Invoking: ARM v7 gcc compiler'
arm-none-eabi-gcc -Wall -O0 -g3 -c -fmessage-length=0 -MT"src/main.o" -mcpu=cortex-a9 -mfpu=vfpv3 -mfloat-abi=hard -I../../mas_camera_bsp/ps7_cortexa9_0/include -MMD -MP -MF"src/main.d" -MT"src/main.o" -o "src/main.o" "../src/main.c"
../src/main.c: In function 'accept_callback':
../src/main.c:671:19: error: 'z' undeclared (first use in this function)
   xil_printf("%d",z);
                   ^
../src/main.c:671:19: note: each undeclared identifier is reported only once for each function it appears in
At top level:
../src/main.c:414:27: warning: 'ov7670_image' defined but not used [-Wunused-variable]
 static struct regval_list ov7670_image[] = {
                           ^~~~~~~~~~~~
../src/main.c:400:27: warning: 'ov7670_test_shift' defined but not used [-Wunused-variable]
 static struct regval_list ov7670_test_shift[] = {
                           ^~~~~~~~~~~~~~~~~
make: *** [src/main.o] Greška 1
16:48:32 **** Auto Build of configuration Debug for project MAS-projekt ****
make pre-build main-build 
a9-linaro-pre-build-step
' '
'Building file: ../src/main.c'
'Invoking: ARM v7 gcc compiler'
arm-none-eabi-gcc -Wall -O0 -g3 -c -fmessage-length=0 -MT"src/main.o" -mcpu=cortex-a9 -mfpu=vfpv3 -mfloat-abi=hard -I../../mas_camera_bsp/ps7_cortexa9_0/include -MMD -MP -MF"src/main.d" -MT"src/main.o" -o "src/main.o" "../src/main.c"
../src/main.c:414:27: warning: 'ov7670_image' defined but not used [-Wunused-variable]
 static struct regval_list ov7670_image[] = {
                           ^~~~~~~~~~~~
../src/main.c:400:27: warning: 'ov7670_test_shift' defined but not used [-Wunused-variable]
 static struct regval_list ov7670_test_shift[] = {
                           ^~~~~~~~~~~~~~~~~
'Finished building: ../src/main.c'
' '
'Building target: MAS-projekt.elf'
'Invoking: ARM v7 gcc linker'
arm-none-eabi-gcc -mcpu=cortex-a9 -mfpu=vfpv3 -mfloat-abi=hard -Wl,-build-id=none -specs=Xilinx.spec -Wl,-T -Wl,../src/lscript.ld -L../../mas_camera_bsp/ps7_cortexa9_0/lib -o "MAS-projekt.elf"  ./src/echo.o ./src/main.o ./src/platform.o ./src/platform_zynq.o   -Wl,--start-group,-lxil,-lgcc,-lc,--end-group -Wl,--start-group,-lxil,-llwip4,-lgcc,-lc,--end-group
'Finished building target: MAS-projekt.elf'
' '
'Invoking: ARM v7 Print Size'
arm-none-eabi-size MAS-projekt.elf  |tee "MAS-projekt.elf.size"
   text	   data	    bss	    dec	    hex	filename
 105288	   4260	4233520	4343068	 42451c	MAS-projekt.elf
'Finished building: MAS-projekt.elf.size'
' '
16:49:04 **** Incremental Build of configuration Debug for project MAS-projekt ****
make pre-build main-build 
a9-linaro-pre-build-step
' '
make: Ništa za napraviti za `main-build'.
16:51:23 **** Incremental Build of configuration Debug for project MAS-projekt ****
make pre-build main-build 
a9-linaro-pre-build-step
' '
make: Ništa za napraviti za `main-build'.
16:52:24 **** Incremental Build of configuration Debug for project MAS-projekt ****
make pre-build main-build 
a9-linaro-pre-build-step
' '
make: Ništa za napraviti za `main-build'.
17:05:33 **** Incremental Build of configuration Debug for project MAS-projekt ****
make pre-build main-build 
a9-linaro-pre-build-step
' '
make: Ništa za napraviti za `main-build'.
17:06:16 **** Auto Build of configuration Debug for project MAS-projekt ****
make pre-build main-build 
a9-linaro-pre-build-step
' '
'Building file: ../src/main.c'
'Invoking: ARM v7 gcc compiler'
arm-none-eabi-gcc -Wall -O0 -g3 -c -fmessage-length=0 -MT"src/main.o" -mcpu=cortex-a9 -mfpu=vfpv3 -mfloat-abi=hard -I../../mas_camera_bsp/ps7_cortexa9_0/include -MMD -MP -MF"src/main.d" -MT"src/main.o" -o "src/main.o" "../src/main.c"
../src/main.c:414:27: warning: 'ov7670_image' defined but not used [-Wunused-variable]
 static struct regval_list ov7670_image[] = {
                           ^~~~~~~~~~~~
../src/main.c:400:27: warning: 'ov7670_test_shift' defined but not used [-Wunused-variable]
 static struct regval_list ov7670_test_shift[] = {
                           ^~~~~~~~~~~~~~~~~
'Finished building: ../src/main.c'
' '
'Building target: MAS-projekt.elf'
'Invoking: ARM v7 gcc linker'
arm-none-eabi-gcc -mcpu=cortex-a9 -mfpu=vfpv3 -mfloat-abi=hard -Wl,-build-id=none -specs=Xilinx.spec -Wl,-T -Wl,../src/lscript.ld -L../../mas_camera_bsp/ps7_cortexa9_0/lib -o "MAS-projekt.elf"  ./src/echo.o ./src/main.o ./src/platform.o ./src/platform_zynq.o   -Wl,--start-group,-lxil,-lgcc,-lc,--end-group -Wl,--start-group,-lxil,-llwip4,-lgcc,-lc,--end-group
'Finished building target: MAS-projekt.elf'
' '
'Invoking: ARM v7 Print Size'
arm-none-eabi-size MAS-projekt.elf  |tee "MAS-projekt.elf.size"
   text	   data	    bss	    dec	    hex	filename
 105080	   4260	4233520	4342860	 42444c	MAS-projekt.elf
'Finished building: MAS-projekt.elf.size'
' '
17:06:30 **** Incremental Build of configuration Debug for project MAS-projekt ****
make pre-build main-build 
a9-linaro-pre-build-step
' '
make: Ništa za napraviti za `main-build'.
17:28:25 **** Auto Build of configuration Debug for project MAS-projekt ****
make pre-build main-build 
a9-linaro-pre-build-step
' '
'Building file: ../src/main.c'
'Invoking: ARM v7 gcc compiler'
arm-none-eabi-gcc -Wall -O0 -g3 -c -fmessage-length=0 -MT"src/main.o" -mcpu=cortex-a9 -mfpu=vfpv3 -mfloat-abi=hard -I../../mas_camera_bsp/ps7_cortexa9_0/include -MMD -MP -MF"src/main.d" -MT"src/main.o" -o "src/main.o" "../src/main.c"
../src/main.c:72:1: error: unknown type name 'Xint8'
 Xint8 *slika;
 ^~~~~
../src/main.c: In function 'readFromCamera':
../src/main.c:720:8: warning: assignment from incompatible pointer type [-Wincompatible-pointer-types]
  slika = (u8*) malloc(614400 * sizeof(u8));
        ^
At top level:
../src/main.c:414:27: warning: 'ov7670_image' defined but not used [-Wunused-variable]
 static struct regval_list ov7670_image[] = {
                           ^~~~~~~~~~~~
../src/main.c:400:27: warning: 'ov7670_test_shift' defined but not used [-Wunused-variable]
 static struct regval_list ov7670_test_shift[] = {
                           ^~~~~~~~~~~~~~~~~
make: *** [src/main.o] Greška 1
17:29:02 **** Auto Build of configuration Debug for project MAS-projekt ****
make pre-build main-build 
a9-linaro-pre-build-step
' '
'Building file: ../src/main.c'
'Invoking: ARM v7 gcc compiler'
arm-none-eabi-gcc -Wall -O0 -g3 -c -fmessage-length=0 -MT"src/main.o" -mcpu=cortex-a9 -mfpu=vfpv3 -mfloat-abi=hard -I../../mas_camera_bsp/ps7_cortexa9_0/include -MMD -MP -MF"src/main.d" -MT"src/main.o" -o "src/main.o" "../src/main.c"
../src/main.c: In function 'readFromCamera':
../src/main.c:720:8: warning: pointer targets in assignment differ in signedness [-Wpointer-sign]
  slika = (u8*) malloc(614400 * sizeof(u8));
        ^
At top level:
../src/main.c:414:27: warning: 'ov7670_image' defined but not used [-Wunused-variable]
 static struct regval_list ov7670_image[] = {
                           ^~~~~~~~~~~~
../src/main.c:400:27: warning: 'ov7670_test_shift' defined but not used [-Wunused-variable]
 static struct regval_list ov7670_test_shift[] = {
                           ^~~~~~~~~~~~~~~~~
'Finished building: ../src/main.c'
' '
'Building target: MAS-projekt.elf'
'Invoking: ARM v7 gcc linker'
arm-none-eabi-gcc -mcpu=cortex-a9 -mfpu=vfpv3 -mfloat-abi=hard -Wl,-build-id=none -specs=Xilinx.spec -Wl,-T -Wl,../src/lscript.ld -L../../mas_camera_bsp/ps7_cortexa9_0/lib -o "MAS-projekt.elf"  ./src/echo.o ./src/main.o ./src/platform.o ./src/platform_zynq.o   -Wl,--start-group,-lxil,-lgcc,-lc,--end-group -Wl,--start-group,-lxil,-llwip4,-lgcc,-lc,--end-group
'Finished building target: MAS-projekt.elf'
' '
'Invoking: ARM v7 Print Size'
arm-none-eabi-size MAS-projekt.elf  |tee "MAS-projekt.elf.size"
   text	   data	    bss	    dec	    hex	filename
 105080	   4260	4233520	4342860	 42444c	MAS-projekt.elf
'Finished building: MAS-projekt.elf.size'
' '
17:29:15 **** Auto Build of configuration Debug for project MAS-projekt ****
make pre-build main-build 
a9-linaro-pre-build-step
' '
'Building file: ../src/main.c'
'Invoking: ARM v7 gcc compiler'
arm-none-eabi-gcc -Wall -O0 -g3 -c -fmessage-length=0 -MT"src/main.o" -mcpu=cortex-a9 -mfpu=vfpv3 -mfloat-abi=hard -I../../mas_camera_bsp/ps7_cortexa9_0/include -MMD -MP -MF"src/main.d" -MT"src/main.o" -o "src/main.o" "../src/main.c"
../src/main.c:414:27: warning: 'ov7670_image' defined but not used [-Wunused-variable]
 static struct regval_list ov7670_image[] = {
                           ^~~~~~~~~~~~
../src/main.c:400:27: warning: 'ov7670_test_shift' defined but not used [-Wunused-variable]
 static struct regval_list ov7670_test_shift[] = {
                           ^~~~~~~~~~~~~~~~~
'Finished building: ../src/main.c'
' '
'Building target: MAS-projekt.elf'
'Invoking: ARM v7 gcc linker'
arm-none-eabi-gcc -mcpu=cortex-a9 -mfpu=vfpv3 -mfloat-abi=hard -Wl,-build-id=none -specs=Xilinx.spec -Wl,-T -Wl,../src/lscript.ld -L../../mas_camera_bsp/ps7_cortexa9_0/lib -o "MAS-projekt.elf"  ./src/echo.o ./src/main.o ./src/platform.o ./src/platform_zynq.o   -Wl,--start-group,-lxil,-lgcc,-lc,--end-group -Wl,--start-group,-lxil,-llwip4,-lgcc,-lc,--end-group
'Finished building target: MAS-projekt.elf'
' '
'Invoking: ARM v7 Print Size'
arm-none-eabi-size MAS-projekt.elf  |tee "MAS-projekt.elf.size"
   text	   data	    bss	    dec	    hex	filename
 105080	   4260	4233520	4342860	 42444c	MAS-projekt.elf
'Finished building: MAS-projekt.elf.size'
' '
17:30:36 **** Auto Build of configuration Debug for project MAS-projekt ****
make pre-build main-build 
a9-linaro-pre-build-step
' '
'Building file: ../src/main.c'
'Invoking: ARM v7 gcc compiler'
arm-none-eabi-gcc -Wall -O0 -g3 -c -fmessage-length=0 -MT"src/main.o" -mcpu=cortex-a9 -mfpu=vfpv3 -mfloat-abi=hard -I../../mas_camera_bsp/ps7_cortexa9_0/include -MMD -MP -MF"src/main.d" -MT"src/main.o" -o "src/main.o" "../src/main.c"
../src/main.c:415:27: warning: 'ov7670_image' defined but not used [-Wunused-variable]
 static struct regval_list ov7670_image[] = {
                           ^~~~~~~~~~~~
../src/main.c:401:27: warning: 'ov7670_test_shift' defined but not used [-Wunused-variable]
 static struct regval_list ov7670_test_shift[] = {
                           ^~~~~~~~~~~~~~~~~
'Finished building: ../src/main.c'
' '
'Building target: MAS-projekt.elf'
'Invoking: ARM v7 gcc linker'
arm-none-eabi-gcc -mcpu=cortex-a9 -mfpu=vfpv3 -mfloat-abi=hard -Wl,-build-id=none -specs=Xilinx.spec -Wl,-T -Wl,../src/lscript.ld -L../../mas_camera_bsp/ps7_cortexa9_0/lib -o "MAS-projekt.elf"  ./src/echo.o ./src/main.o ./src/platform.o ./src/platform_zynq.o   -Wl,--start-group,-lxil,-lgcc,-lc,--end-group -Wl,--start-group,-lxil,-llwip4,-lgcc,-lc,--end-group
'Finished building target: MAS-projekt.elf'
' '
'Invoking: ARM v7 Print Size'
arm-none-eabi-size MAS-projekt.elf  |tee "MAS-projekt.elf.size"
   text	   data	    bss	    dec	    hex	filename
 105080	   4260	4233520	4342860	 42444c	MAS-projekt.elf
'Finished building: MAS-projekt.elf.size'
' '
17:33:11 **** Incremental Build of configuration Debug for project MAS-projekt ****
make pre-build main-build 
a9-linaro-pre-build-step
' '
make: Ništa za napraviti za `main-build'.
17:38:17 **** Clean-only build of configuration Debug for project MAS-projekt ****
make clean 
rm -rf  ./src/echo.o ./src/main.o ./src/platform.o ./src/platform_zynq.o  ./src/echo.d ./src/main.d ./src/platform.d ./src/platform_zynq.d  MAS-projekt.elf.size  MAS-projekt.elf
' '
17:38:18 **** Auto Build of configuration Debug for project MAS-projekt ****
make pre-build main-build 
a9-linaro-pre-build-step
' '
'Building file: ../src/echo.c'
'Invoking: ARM v7 gcc compiler'
arm-none-eabi-gcc -Wall -O0 -g3 -c -fmessage-length=0 -MT"src/echo.o" -mcpu=cortex-a9 -mfpu=vfpv3 -mfloat-abi=hard -I../../mas_camera_bsp/ps7_cortexa9_0/include -MMD -MP -MF"src/echo.d" -MT"src/echo.o" -o "src/echo.o" "../src/echo.c"
'Finished building: ../src/echo.c'
' '
'Building file: ../src/main.c'
'Invoking: ARM v7 gcc compiler'
arm-none-eabi-gcc -Wall -O0 -g3 -c -fmessage-length=0 -MT"src/main.o" -mcpu=cortex-a9 -mfpu=vfpv3 -mfloat-abi=hard -I../../mas_camera_bsp/ps7_cortexa9_0/include -MMD -MP -MF"src/main.d" -MT"src/main.o" -o "src/main.o" "../src/main.c"
../src/main.c:415:27: warning: 'ov7670_image' defined but not used [-Wunused-variable]
 static struct regval_list ov7670_image[] = {
                           ^~~~~~~~~~~~
../src/main.c:401:27: warning: 'ov7670_test_shift' defined but not used [-Wunused-variable]
 static struct regval_list ov7670_test_shift[] = {
                           ^~~~~~~~~~~~~~~~~
'Finished building: ../src/main.c'
' '
'Building file: ../src/platform.c'
'Invoking: ARM v7 gcc compiler'
arm-none-eabi-gcc -Wall -O0 -g3 -c -fmessage-length=0 -MT"src/platform.o" -mcpu=cortex-a9 -mfpu=vfpv3 -mfloat-abi=hard -I../../mas_camera_bsp/ps7_cortexa9_0/include -MMD -MP -MF"src/platform.d" -MT"src/platform.o" -o "src/platform.o" "../src/platform.c"
'Finished building: ../src/platform.c'
' '
'Building file: ../src/platform_zynq.c'
'Invoking: ARM v7 gcc compiler'
arm-none-eabi-gcc -Wall -O0 -g3 -c -fmessage-length=0 -MT"src/platform_zynq.o" -mcpu=cortex-a9 -mfpu=vfpv3 -mfloat-abi=hard -I../../mas_camera_bsp/ps7_cortexa9_0/include -MMD -MP -MF"src/platform_zynq.d" -MT"src/platform_zynq.o" -o "src/platform_zynq.o" "../src/platform_zynq.c"
'Finished building: ../src/platform_zynq.c'
' '
'Building target: MAS-projekt.elf'
'Invoking: ARM v7 gcc linker'
arm-none-eabi-gcc -mcpu=cortex-a9 -mfpu=vfpv3 -mfloat-abi=hard -Wl,-build-id=none -specs=Xilinx.spec -Wl,-T -Wl,../src/lscript.ld -L../../mas_camera_bsp/ps7_cortexa9_0/lib -o "MAS-projekt.elf"  ./src/echo.o ./src/main.o ./src/platform.o ./src/platform_zynq.o   -Wl,--start-group,-lxil,-lgcc,-lc,--end-group -Wl,--start-group,-lxil,-llwip4,-lgcc,-lc,--end-group
'Finished building target: MAS-projekt.elf'
' '
'Invoking: ARM v7 Print Size'
arm-none-eabi-size MAS-projekt.elf  |tee "MAS-projekt.elf.size"
   text	   data	    bss	    dec	    hex	filename
 105080	   4260	12622128	12731468	 c2444c	MAS-projekt.elf
'Finished building: MAS-projekt.elf.size'
' '
17:42:15 **** Auto Build of configuration Debug for project MAS-projekt ****
make pre-build main-build 
a9-linaro-pre-build-step
' '
'Building file: ../src/main.c'
'Invoking: ARM v7 gcc compiler'
arm-none-eabi-gcc -Wall -O0 -g3 -c -fmessage-length=0 -MT"src/main.o" -mcpu=cortex-a9 -mfpu=vfpv3 -mfloat-abi=hard -I../../mas_camera_bsp/ps7_cortexa9_0/include -MMD -MP -MF"src/main.d" -MT"src/main.o" -o "src/main.o" "../src/main.c"
../src/main.c: In function 'TwoDDCT':
../src/main.c:780:24: error: 'Shifted_array' undeclared (first use in this function)
         temp += (float)Shifted_array[x + i][y + j][k] * cos((2.0 * (float)x + 1) * 3.14 * (float)u / 16) * cos((2.0 * (float)y + 1) * 3.14 * (float)v / 16);
                        ^~~~~~~~~~~~~
../src/main.c:780:24: note: each undeclared identifier is reported only once for each function it appears in
../src/main.c:783:7: error: 'DCT_array' undeclared (first use in this function)
       DCT_array[u + i][v + j][k] = (short)((float)0.25 * C(u) * C(v) * temp);
       ^~~~~~~~~
At top level:
../src/main.c:418:27: warning: 'ov7670_image' defined but not used [-Wunused-variable]
 static struct regval_list ov7670_image[] = {
                           ^~~~~~~~~~~~
../src/main.c:404:27: warning: 'ov7670_test_shift' defined but not used [-Wunused-variable]
 static struct regval_list ov7670_test_shift[] = {
                           ^~~~~~~~~~~~~~~~~
make: *** [src/main.o] Greška 1
18:02:02 **** Auto Build of configuration Debug for project MAS-projekt ****
make pre-build main-build 
a9-linaro-pre-build-step
' '
'Building file: ../src/main.c'
'Invoking: ARM v7 gcc compiler'
arm-none-eabi-gcc -Wall -O0 -g3 -c -fmessage-length=0 -MT"src/main.o" -mcpu=cortex-a9 -mfpu=vfpv3 -mfloat-abi=hard -I../../mas_camera_bsp/ps7_cortexa9_0/include -MMD -MP -MF"src/main.d" -MT"src/main.o" -o "src/main.o" "../src/main.c"
../src/main.c: In function 'TwoDDCT':
../src/main.c:780:24: error: 'Shifted_array' undeclared (first use in this function)
         temp += (float)Shifted_array[x + i][y + j][k] * cos((2.0 * (float)x + 1) * 3.14 * (float)u / 16) * cos((2.0 * (float)y + 1) * 3.14 * (float)v / 16);
                        ^~~~~~~~~~~~~
../src/main.c:780:24: note: each undeclared identifier is reported only once for each function it appears in
../src/main.c:783:7: error: 'DCT_array' undeclared (first use in this function)
       DCT_array[u + i][v + j][k] = (short)((float)0.25 * C(u) * C(v) * temp);
       ^~~~~~~~~
At top level:
../src/main.c:418:27: warning: 'ov7670_image' defined but not used [-Wunused-variable]
 static struct regval_list ov7670_image[] = {
                           ^~~~~~~~~~~~
../src/main.c:404:27: warning: 'ov7670_test_shift' defined but not used [-Wunused-variable]
 static struct regval_list ov7670_test_shift[] = {
                           ^~~~~~~~~~~~~~~~~
make: *** [src/main.o] Greška 1
18:13:03 **** Auto Build of configuration Debug for project MAS-projekt ****
make pre-build main-build 
a9-linaro-pre-build-step
' '
'Building file: ../src/main.c'
'Invoking: ARM v7 gcc compiler'
arm-none-eabi-gcc -Wall -O0 -g3 -c -fmessage-length=0 -MT"src/main.o" -mcpu=cortex-a9 -mfpu=vfpv3 -mfloat-abi=hard -I../../mas_camera_bsp/ps7_cortexa9_0/include -MMD -MP -MF"src/main.d" -MT"src/main.o" -o "src/main.o" "../src/main.c"
../src/main.c: In function 'TwoDDCT':
../src/main.c:799:24: error: 'Shifted_array' undeclared (first use in this function)
         temp += (float)Shifted_array[x + i][y + j][k] * cos((2.0 * (float)x + 1) * 3.14 * (float)u / 16) * cos((2.0 * (float)y + 1) * 3.14 * (float)v / 16);
                        ^~~~~~~~~~~~~
../src/main.c:799:24: note: each undeclared identifier is reported only once for each function it appears in
../src/main.c:802:7: error: 'DCT_array' undeclared (first use in this function)
       DCT_array[u + i][v + j][k] = (short)((float)0.25 * C(u) * C(v) * temp);
       ^~~~~~~~~
At top level:
../src/main.c:418:27: warning: 'ov7670_image' defined but not used [-Wunused-variable]
 static struct regval_list ov7670_image[] = {
                           ^~~~~~~~~~~~
../src/main.c:404:27: warning: 'ov7670_test_shift' defined but not used [-Wunused-variable]
 static struct regval_list ov7670_test_shift[] = {
                           ^~~~~~~~~~~~~~~~~
make: *** [src/main.o] Greška 1
18:13:08 **** Auto Build of configuration Debug for project MAS-projekt ****
make pre-build main-build 
a9-linaro-pre-build-step
' '
'Building file: ../src/main.c'
'Invoking: ARM v7 gcc compiler'
arm-none-eabi-gcc -Wall -O0 -g3 -c -fmessage-length=0 -MT"src/main.o" -mcpu=cortex-a9 -mfpu=vfpv3 -mfloat-abi=hard -I../../mas_camera_bsp/ps7_cortexa9_0/include -MMD -MP -MF"src/main.d" -MT"src/main.o" -o "src/main.o" "../src/main.c"
../src/main.c:418:27: warning: 'ov7670_image' defined but not used [-Wunused-variable]
 static struct regval_list ov7670_image[] = {
                           ^~~~~~~~~~~~
../src/main.c:404:27: warning: 'ov7670_test_shift' defined but not used [-Wunused-variable]
 static struct regval_list ov7670_test_shift[] = {
                           ^~~~~~~~~~~~~~~~~
'Finished building: ../src/main.c'
' '
'Building target: MAS-projekt.elf'
'Invoking: ARM v7 gcc linker'
arm-none-eabi-gcc -mcpu=cortex-a9 -mfpu=vfpv3 -mfloat-abi=hard -Wl,-build-id=none -specs=Xilinx.spec -Wl,-T -Wl,../src/lscript.ld -L../../mas_camera_bsp/ps7_cortexa9_0/lib -o "MAS-projekt.elf"  ./src/echo.o ./src/main.o ./src/platform.o ./src/platform_zynq.o   -Wl,--start-group,-lxil,-lgcc,-lc,--end-group -Wl,--start-group,-lxil,-llwip4,-lgcc,-lc,--end-group
./src/main.o: In function `accept_callback':
C:\Users\Karlo\Desktop\MAS\mas-projekt\ProjektMAS.sdk\MAS-projekt\Debug/../src/main.c:672: undefined reference to `TwoDDCT'
collect2.exe: error: ld returned 1 exit status
make: *** [MAS-projekt.elf] Greška 1
18:13:25 **** Auto Build of configuration Debug for project MAS-projekt ****
make pre-build main-build 
a9-linaro-pre-build-step
' '
'Building file: ../src/main.c'
'Invoking: ARM v7 gcc compiler'
arm-none-eabi-gcc -Wall -O0 -g3 -c -fmessage-length=0 -MT"src/main.o" -mcpu=cortex-a9 -mfpu=vfpv3 -mfloat-abi=hard -I../../mas_camera_bsp/ps7_cortexa9_0/include -MMD -MP -MF"src/main.d" -MT"src/main.o" -o "src/main.o" "../src/main.c"
../src/main.c:418:27: warning: 'ov7670_image' defined but not used [-Wunused-variable]
 static struct regval_list ov7670_image[] = {
                           ^~~~~~~~~~~~
../src/main.c:404:27: warning: 'ov7670_test_shift' defined but not used [-Wunused-variable]
 static struct regval_list ov7670_test_shift[] = {
                           ^~~~~~~~~~~~~~~~~
'Finished building: ../src/main.c'
' '
'Building target: MAS-projekt.elf'
'Invoking: ARM v7 gcc linker'
arm-none-eabi-gcc -mcpu=cortex-a9 -mfpu=vfpv3 -mfloat-abi=hard -Wl,-build-id=none -specs=Xilinx.spec -Wl,-T -Wl,../src/lscript.ld -L../../mas_camera_bsp/ps7_cortexa9_0/lib -o "MAS-projekt.elf"  ./src/echo.o ./src/main.o ./src/platform.o ./src/platform_zynq.o   -Wl,--start-group,-lxil,-lgcc,-lc,--end-group -Wl,--start-group,-lxil,-llwip4,-lgcc,-lc,--end-group
'Finished building target: MAS-projekt.elf'
' '
'Invoking: ARM v7 Print Size'
arm-none-eabi-size MAS-projekt.elf  |tee "MAS-projekt.elf.size"
   text	   data	    bss	    dec	    hex	filename
 105464	   4260	12622128	12731852	 c245cc	MAS-projekt.elf
'Finished building: MAS-projekt.elf.size'
' '
18:14:04 **** Auto Build of configuration Debug for project MAS-projekt ****
make pre-build main-build 
a9-linaro-pre-build-step
' '
'Building file: ../src/main.c'
'Invoking: ARM v7 gcc compiler'
arm-none-eabi-gcc -Wall -O0 -g3 -c -fmessage-length=0 -MT"src/main.o" -mcpu=cortex-a9 -mfpu=vfpv3 -mfloat-abi=hard -I../../mas_camera_bsp/ps7_cortexa9_0/include -MMD -MP -MF"src/main.d" -MT"src/main.o" -o "src/main.o" "../src/main.c"
../src/main.c:418:27: warning: 'ov7670_image' defined but not used [-Wunused-variable]
 static struct regval_list ov7670_image[] = {
                           ^~~~~~~~~~~~
../src/main.c:404:27: warning: 'ov7670_test_shift' defined but not used [-Wunused-variable]
 static struct regval_list ov7670_test_shift[] = {
                           ^~~~~~~~~~~~~~~~~
'Finished building: ../src/main.c'
' '
'Building target: MAS-projekt.elf'
'Invoking: ARM v7 gcc linker'
arm-none-eabi-gcc -mcpu=cortex-a9 -mfpu=vfpv3 -mfloat-abi=hard -Wl,-build-id=none -specs=Xilinx.spec -Wl,-T -Wl,../src/lscript.ld -L../../mas_camera_bsp/ps7_cortexa9_0/lib -o "MAS-projekt.elf"  ./src/echo.o ./src/main.o ./src/platform.o ./src/platform_zynq.o   -Wl,--start-group,-lxil,-lgcc,-lc,--end-group -Wl,--start-group,-lxil,-llwip4,-lgcc,-lc,--end-group
'Finished building target: MAS-projekt.elf'
' '
'Invoking: ARM v7 Print Size'
arm-none-eabi-size MAS-projekt.elf  |tee "MAS-projekt.elf.size"
   text	   data	    bss	    dec	    hex	filename
 105464	   4260	12622128	12731852	 c245cc	MAS-projekt.elf
'Finished building: MAS-projekt.elf.size'
' '
18:15:41 **** Incremental Build of configuration Debug for project MAS-projekt ****
make pre-build main-build 
a9-linaro-pre-build-step
' '
make: Ništa za napraviti za `main-build'.
18:26:26 **** Auto Build of configuration Debug for project MAS-projekt ****
make pre-build main-build 
a9-linaro-pre-build-step
' '
'Building file: ../src/main.c'
'Invoking: ARM v7 gcc compiler'
arm-none-eabi-gcc -Wall -O0 -g3 -c -fmessage-length=0 -MT"src/main.o" -mcpu=cortex-a9 -mfpu=vfpv3 -mfloat-abi=hard -I../../mas_camera_bsp/ps7_cortexa9_0/include -MMD -MP -MF"src/main.d" -MT"src/main.o" -o "src/main.o" "../src/main.c"
../src/main.c: In function 'TwoD_DCT':
../src/main.c:802:7: error: 'DCT_array' undeclared (first use in this function)
       DCT_array[u + i][v + j][k] = (short)((float)0.25 * C(u) * C(v) * temp);
       ^~~~~~~~~
../src/main.c:802:7: note: each undeclared identifier is reported only once for each function it appears in
At top level:
../src/main.c:418:27: warning: 'ov7670_image' defined but not used [-Wunused-variable]
 static struct regval_list ov7670_image[] = {
                           ^~~~~~~~~~~~
../src/main.c:404:27: warning: 'ov7670_test_shift' defined but not used [-Wunused-variable]
 static struct regval_list ov7670_test_shift[] = {
                           ^~~~~~~~~~~~~~~~~
make: *** [src/main.o] Greška 1
18:27:09 **** Auto Build of configuration Debug for project MAS-projekt ****
make pre-build main-build 
a9-linaro-pre-build-step
' '
'Building file: ../src/main.c'
'Invoking: ARM v7 gcc compiler'
arm-none-eabi-gcc -Wall -O0 -g3 -c -fmessage-length=0 -MT"src/main.o" -mcpu=cortex-a9 -mfpu=vfpv3 -mfloat-abi=hard -I../../mas_camera_bsp/ps7_cortexa9_0/include -MMD -MP -MF"src/main.d" -MT"src/main.o" -o "src/main.o" "../src/main.c"
../src/main.c: In function 'TwoD_DCT':
../src/main.c:803:7: error: 'DCT_array' undeclared (first use in this function)
       DCT_array[u + i][v + j][k] = (short)((float)0.25 * C(u) * C(v) * temp);
       ^~~~~~~~~
../src/main.c:803:7: note: each undeclared identifier is reported only once for each function it appears in
At top level:
../src/main.c:418:27: warning: 'ov7670_image' defined but not used [-Wunused-variable]
 static struct regval_list ov7670_image[] = {
                           ^~~~~~~~~~~~
../src/main.c:404:27: warning: 'ov7670_test_shift' defined but not used [-Wunused-variable]
 static struct regval_list ov7670_test_shift[] = {
                           ^~~~~~~~~~~~~~~~~
make: *** [src/main.o] Greška 1
18:28:17 **** Auto Build of configuration Debug for project MAS-projekt ****
make pre-build main-build 
a9-linaro-pre-build-step
' '
'Building file: ../src/main.c'
'Invoking: ARM v7 gcc compiler'
arm-none-eabi-gcc -Wall -O0 -g3 -c -fmessage-length=0 -MT"src/main.o" -mcpu=cortex-a9 -mfpu=vfpv3 -mfloat-abi=hard -I../../mas_camera_bsp/ps7_cortexa9_0/include -MMD -MP -MF"src/main.d" -MT"src/main.o" -o "src/main.o" "../src/main.c"
../src/main.c: In function 'TwoD_DCT':
../src/main.c:803:44: error: expected expression before ')' token
       *(slika + k + 3*u + 3*i + 1920*v + 3*) = (short)((float)0.25 * C(u) * C(v) * temp);
                                            ^
At top level:
../src/main.c:418:27: warning: 'ov7670_image' defined but not used [-Wunused-variable]
 static struct regval_list ov7670_image[] = {
                           ^~~~~~~~~~~~
../src/main.c:404:27: warning: 'ov7670_test_shift' defined but not used [-Wunused-variable]
 static struct regval_list ov7670_test_shift[] = {
                           ^~~~~~~~~~~~~~~~~
make: *** [src/main.o] Greška 1
18:28:38 **** Auto Build of configuration Debug for project MAS-projekt ****
make pre-build main-build 
a9-linaro-pre-build-step
' '
'Building file: ../src/main.c'
'Invoking: ARM v7 gcc compiler'
arm-none-eabi-gcc -Wall -O0 -g3 -c -fmessage-length=0 -MT"src/main.o" -mcpu=cortex-a9 -mfpu=vfpv3 -mfloat-abi=hard -I../../mas_camera_bsp/ps7_cortexa9_0/include -MMD -MP -MF"src/main.d" -MT"src/main.o" -o "src/main.o" "../src/main.c"
../src/main.c:418:27: warning: 'ov7670_image' defined but not used [-Wunused-variable]
 static struct regval_list ov7670_image[] = {
                           ^~~~~~~~~~~~
../src/main.c:404:27: warning: 'ov7670_test_shift' defined but not used [-Wunused-variable]
 static struct regval_list ov7670_test_shift[] = {
                           ^~~~~~~~~~~~~~~~~
'Finished building: ../src/main.c'
' '
'Building target: MAS-projekt.elf'
'Invoking: ARM v7 gcc linker'
arm-none-eabi-gcc -mcpu=cortex-a9 -mfpu=vfpv3 -mfloat-abi=hard -Wl,-build-id=none -specs=Xilinx.spec -Wl,-T -Wl,../src/lscript.ld -L../../mas_camera_bsp/ps7_cortexa9_0/lib -o "MAS-projekt.elf"  ./src/echo.o ./src/main.o ./src/platform.o ./src/platform_zynq.o   -Wl,--start-group,-lxil,-lgcc,-lc,--end-group -Wl,--start-group,-lxil,-llwip4,-lgcc,-lc,--end-group
./src/main.o: In function `TwoD_DCT':
C:\Users\Karlo\Desktop\MAS\mas-projekt\ProjektMAS.sdk\MAS-projekt\Debug/../src/main.c:800: undefined reference to `cos'
C:\Users\Karlo\Desktop\MAS\mas-projekt\ProjektMAS.sdk\MAS-projekt\Debug/../src/main.c:800: undefined reference to `cos'
collect2.exe: error: ld returned 1 exit status
make: *** [MAS-projekt.elf] Greška 1
18:28:50 **** Auto Build of configuration Debug for project MAS-projekt ****
make pre-build main-build 
a9-linaro-pre-build-step
' '
'Building file: ../src/main.c'
'Invoking: ARM v7 gcc compiler'
arm-none-eabi-gcc -Wall -O0 -g3 -c -fmessage-length=0 -MT"src/main.o" -mcpu=cortex-a9 -mfpu=vfpv3 -mfloat-abi=hard -I../../mas_camera_bsp/ps7_cortexa9_0/include -MMD -MP -MF"src/main.d" -MT"src/main.o" -o "src/main.o" "../src/main.c"
../src/main.c:418:27: warning: 'ov7670_image' defined but not used [-Wunused-variable]
 static struct regval_list ov7670_image[] = {
                           ^~~~~~~~~~~~
../src/main.c:404:27: warning: 'ov7670_test_shift' defined but not used [-Wunused-variable]
 static struct regval_list ov7670_test_shift[] = {
                           ^~~~~~~~~~~~~~~~~
'Finished building: ../src/main.c'
' '
'Building target: MAS-projekt.elf'
'Invoking: ARM v7 gcc linker'
arm-none-eabi-gcc -mcpu=cortex-a9 -mfpu=vfpv3 -mfloat-abi=hard -Wl,-build-id=none -specs=Xilinx.spec -Wl,-T -Wl,../src/lscript.ld -L../../mas_camera_bsp/ps7_cortexa9_0/lib -o "MAS-projekt.elf"  ./src/echo.o ./src/main.o ./src/platform.o ./src/platform_zynq.o   -Wl,--start-group,-lxil,-lgcc,-lc,--end-group -Wl,--start-group,-lxil,-llwip4,-lgcc,-lc,--end-group
./src/main.o: In function `TwoD_DCT':
C:\Users\Karlo\Desktop\MAS\mas-projekt\ProjektMAS.sdk\MAS-projekt\Debug/../src/main.c:800: undefined reference to `cos'
C:\Users\Karlo\Desktop\MAS\mas-projekt\ProjektMAS.sdk\MAS-projekt\Debug/../src/main.c:800: undefined reference to `cos'
collect2.exe: error: ld returned 1 exit status
make: *** [MAS-projekt.elf] Greška 1
18:29:06 **** Auto Build of configuration Debug for project MAS-projekt ****
make pre-build main-build 
a9-linaro-pre-build-step
' '
'Building file: ../src/main.c'
'Invoking: ARM v7 gcc compiler'
arm-none-eabi-gcc -Wall -O0 -g3 -c -fmessage-length=0 -MT"src/main.o" -mcpu=cortex-a9 -mfpu=vfpv3 -mfloat-abi=hard -I../../mas_camera_bsp/ps7_cortexa9_0/include -MMD -MP -MF"src/main.d" -MT"src/main.o" -o "src/main.o" "../src/main.c"
../src/main.c:35:12: warning: extra tokens at end of #include directive
 #include <>math.h>
            ^~~~
../src/main.c:35:10: error: empty filename in #include
 #include <>math.h>
          ^~
../src/main.c: In function 'TwoD_DCT':
../src/main.c:800:66: warning: implicit declaration of function 'cos' [-Wimplicit-function-declaration]
         temp += (float)*(slika + k + 3*x + 3*i + 1920*y + 3*j) * cos((2.0 * (float)x + 1) * 3.14 * (float)u / 16) * cos((2.0 * (float)y + 1) * 3.14 * (float)v / 16);
                                                                  ^~~
../src/main.c:800:66: warning: incompatible implicit declaration of built-in function 'cos'
../src/main.c:800:66: note: include '<math.h>' or provide a declaration of 'cos'
../src/main.c: In function 'C':
../src/main.c:813:17: warning: implicit declaration of function 'sqrt' [-Wimplicit-function-declaration]
   return (float)sqrt(1/ (float)2.0);
                 ^~~~
../src/main.c:813:17: warning: incompatible implicit declaration of built-in function 'sqrt'
../src/main.c:813:17: note: include '<math.h>' or provide a declaration of 'sqrt'
At top level:
../src/main.c:418:27: warning: 'ov7670_image' defined but not used [-Wunused-variable]
 static struct regval_list ov7670_image[] = {
                           ^~~~~~~~~~~~
../src/main.c:404:27: warning: 'ov7670_test_shift' defined but not used [-Wunused-variable]
 static struct regval_list ov7670_test_shift[] = {
                           ^~~~~~~~~~~~~~~~~
make: *** [src/main.o] Greška 1
18:29:09 **** Auto Build of configuration Debug for project MAS-projekt ****
make pre-build main-build 
a9-linaro-pre-build-step
' '
'Building file: ../src/main.c'
'Invoking: ARM v7 gcc compiler'
arm-none-eabi-gcc -Wall -O0 -g3 -c -fmessage-length=0 -MT"src/main.o" -mcpu=cortex-a9 -mfpu=vfpv3 -mfloat-abi=hard -I../../mas_camera_bsp/ps7_cortexa9_0/include -MMD -MP -MF"src/main.d" -MT"src/main.o" -o "src/main.o" "../src/main.c"
../src/main.c:418:27: warning: 'ov7670_image' defined but not used [-Wunused-variable]
 static struct regval_list ov7670_image[] = {
                           ^~~~~~~~~~~~
../src/main.c:404:27: warning: 'ov7670_test_shift' defined but not used [-Wunused-variable]
 static struct regval_list ov7670_test_shift[] = {
                           ^~~~~~~~~~~~~~~~~
'Finished building: ../src/main.c'
' '
'Building target: MAS-projekt.elf'
'Invoking: ARM v7 gcc linker'
arm-none-eabi-gcc -mcpu=cortex-a9 -mfpu=vfpv3 -mfloat-abi=hard -Wl,-build-id=none -specs=Xilinx.spec -Wl,-T -Wl,../src/lscript.ld -L../../mas_camera_bsp/ps7_cortexa9_0/lib -o "MAS-projekt.elf"  ./src/echo.o ./src/main.o ./src/platform.o ./src/platform_zynq.o   -Wl,--start-group,-lxil,-lgcc,-lc,--end-group -Wl,--start-group,-lxil,-llwip4,-lgcc,-lc,--end-group
./src/main.o: In function `TwoD_DCT':
C:\Users\Karlo\Desktop\MAS\mas-projekt\ProjektMAS.sdk\MAS-projekt\Debug/../src/main.c:800: undefined reference to `cos'
C:\Users\Karlo\Desktop\MAS\mas-projekt\ProjektMAS.sdk\MAS-projekt\Debug/../src/main.c:800: undefined reference to `cos'
collect2.exe: error: ld returned 1 exit status
make: *** [MAS-projekt.elf] Greška 1
18:31:25 **** Clean-only build of configuration Debug for project MAS-projekt ****
make clean 
rm -rf  ./src/echo.o ./src/main.o ./src/platform.o ./src/platform_zynq.o  ./src/echo.d ./src/main.d ./src/platform.d ./src/platform_zynq.d  MAS-projekt.elf.size  MAS-projekt.elf
' '
18:31:25 **** Auto Build of configuration Debug for project MAS-projekt ****
make pre-build main-build 
a9-linaro-pre-build-step
' '
'Building file: ../src/echo.c'
'Invoking: ARM v7 gcc compiler'
arm-none-eabi-gcc -Wall -O0 -g3 -c -fmessage-length=0 -MT"src/echo.o" -mcpu=cortex-a9 -mfpu=vfpv3 -mfloat-abi=hard -I../../mas_camera_bsp/ps7_cortexa9_0/include -MMD -MP -MF"src/echo.d" -MT"src/echo.o" -o "src/echo.o" "../src/echo.c"
'Finished building: ../src/echo.c'
' '
'Building file: ../src/main.c'
'Invoking: ARM v7 gcc compiler'
arm-none-eabi-gcc -Wall -O0 -g3 -c -fmessage-length=0 -MT"src/main.o" -mcpu=cortex-a9 -mfpu=vfpv3 -mfloat-abi=hard -I../../mas_camera_bsp/ps7_cortexa9_0/include -MMD -MP -MF"src/main.d" -MT"src/main.o" -o "src/main.o" "../src/main.c"
../src/main.c:418:27: warning: 'ov7670_image' defined but not used [-Wunused-variable]
 static struct regval_list ov7670_image[] = {
                           ^~~~~~~~~~~~
../src/main.c:404:27: warning: 'ov7670_test_shift' defined but not used [-Wunused-variable]
 static struct regval_list ov7670_test_shift[] = {
                           ^~~~~~~~~~~~~~~~~
'Finished building: ../src/main.c'
' '
'Building file: ../src/platform.c'
'Invoking: ARM v7 gcc compiler'
arm-none-eabi-gcc -Wall -O0 -g3 -c -fmessage-length=0 -MT"src/platform.o" -mcpu=cortex-a9 -mfpu=vfpv3 -mfloat-abi=hard -I../../mas_camera_bsp/ps7_cortexa9_0/include -MMD -MP -MF"src/platform.d" -MT"src/platform.o" -o "src/platform.o" "../src/platform.c"
'Finished building: ../src/platform.c'
' '
'Building file: ../src/platform_zynq.c'
'Invoking: ARM v7 gcc compiler'
arm-none-eabi-gcc -Wall -O0 -g3 -c -fmessage-length=0 -MT"src/platform_zynq.o" -mcpu=cortex-a9 -mfpu=vfpv3 -mfloat-abi=hard -I../../mas_camera_bsp/ps7_cortexa9_0/include -MMD -MP -MF"src/platform_zynq.d" -MT"src/platform_zynq.o" -o "src/platform_zynq.o" "../src/platform_zynq.c"
'Finished building: ../src/platform_zynq.c'
' '
'Building target: MAS-projekt.elf'
'Invoking: ARM v7 gcc linker'
arm-none-eabi-gcc -mcpu=cortex-a9 -mfpu=vfpv3 -mfloat-abi=hard -Wl,-build-id=none -specs=Xilinx.spec -Wl,-T -Wl,../src/lscript.ld -L../../mas_camera_bsp/ps7_cortexa9_0/lib -o "MAS-projekt.elf"  ./src/echo.o ./src/main.o ./src/platform.o ./src/platform_zynq.o   -lm -Wl,--start-group,-lxil,-lgcc,-lc,--end-group -Wl,--start-group,-lxil,-llwip4,-lgcc,-lc,--end-group
'Finished building target: MAS-projekt.elf'
' '
'Invoking: ARM v7 Print Size'
arm-none-eabi-size MAS-projekt.elf  |tee "MAS-projekt.elf.size"
   text	   data	    bss	    dec	    hex	filename
 111252	   4260	12622128	12737640	 c25c68	MAS-projekt.elf
'Finished building: MAS-projekt.elf.size'
' '
18:32:21 **** Auto Build of configuration Debug for project MAS-projekt ****
make pre-build main-build 
a9-linaro-pre-build-step
' '
'Building file: ../src/main.c'
'Invoking: ARM v7 gcc compiler'
arm-none-eabi-gcc -Wall -O0 -g3 -c -fmessage-length=0 -MT"src/main.o" -mcpu=cortex-a9 -mfpu=vfpv3 -mfloat-abi=hard -I../../mas_camera_bsp/ps7_cortexa9_0/include -MMD -MP -MF"src/main.d" -MT"src/main.o" -o "src/main.o" "../src/main.c"
../src/main.c:418:27: warning: 'ov7670_image' defined but not used [-Wunused-variable]
 static struct regval_list ov7670_image[] = {
                           ^~~~~~~~~~~~
../src/main.c:404:27: warning: 'ov7670_test_shift' defined but not used [-Wunused-variable]
 static struct regval_list ov7670_test_shift[] = {
                           ^~~~~~~~~~~~~~~~~
'Finished building: ../src/main.c'
' '
'Building target: MAS-projekt.elf'
'Invoking: ARM v7 gcc linker'
arm-none-eabi-gcc -mcpu=cortex-a9 -mfpu=vfpv3 -mfloat-abi=hard -Wl,-build-id=none -specs=Xilinx.spec -Wl,-T -Wl,../src/lscript.ld -L../../mas_camera_bsp/ps7_cortexa9_0/lib -o "MAS-projekt.elf"  ./src/echo.o ./src/main.o ./src/platform.o ./src/platform_zynq.o   -lm -Wl,--start-group,-lxil,-lgcc,-lc,--end-group -Wl,--start-group,-lxil,-llwip4,-lgcc,-lc,--end-group
'Finished building target: MAS-projekt.elf'
' '
'Invoking: ARM v7 Print Size'
arm-none-eabi-size MAS-projekt.elf  |tee "MAS-projekt.elf.size"
   text	   data	    bss	    dec	    hex	filename
 111252	   4260	12622128	12737640	 c25c68	MAS-projekt.elf
'Finished building: MAS-projekt.elf.size'
' '
18:42:42 **** Incremental Build of configuration Debug for project MAS-projekt ****
make pre-build main-build 
a9-linaro-pre-build-step
' '
make: Ništa za napraviti za `main-build'.
18:45:54 **** Auto Build of configuration Debug for project MAS-projekt ****
make pre-build main-build 
a9-linaro-pre-build-step
' '
'Building file: ../src/main.c'
'Invoking: ARM v7 gcc compiler'
arm-none-eabi-gcc -Wall -O0 -g3 -c -fmessage-length=0 -MT"src/main.o" -mcpu=cortex-a9 -mfpu=vfpv3 -mfloat-abi=hard -I../../mas_camera_bsp/ps7_cortexa9_0/include -MMD -MP -MF"src/main.d" -MT"src/main.o" -o "src/main.o" "../src/main.c"
../src/main.c:418:27: warning: 'ov7670_image' defined but not used [-Wunused-variable]
 static struct regval_list ov7670_image[] = {
                           ^~~~~~~~~~~~
../src/main.c:404:27: warning: 'ov7670_test_shift' defined but not used [-Wunused-variable]
 static struct regval_list ov7670_test_shift[] = {
                           ^~~~~~~~~~~~~~~~~
'Finished building: ../src/main.c'
' '
'Building target: MAS-projekt.elf'
'Invoking: ARM v7 gcc linker'
arm-none-eabi-gcc -mcpu=cortex-a9 -mfpu=vfpv3 -mfloat-abi=hard -Wl,-build-id=none -specs=Xilinx.spec -Wl,-T -Wl,../src/lscript.ld -L../../mas_camera_bsp/ps7_cortexa9_0/lib -o "MAS-projekt.elf"  ./src/echo.o ./src/main.o ./src/platform.o ./src/platform_zynq.o   -lm -Wl,--start-group,-lxil,-lgcc,-lc,--end-group -Wl,--start-group,-lxil,-llwip4,-lgcc,-lc,--end-group
'Finished building target: MAS-projekt.elf'
' '
'Invoking: ARM v7 Print Size'
arm-none-eabi-size MAS-projekt.elf  |tee "MAS-projekt.elf.size"
   text	   data	    bss	    dec	    hex	filename
 111252	   4260	12622128	12737640	 c25c68	MAS-projekt.elf
'Finished building: MAS-projekt.elf.size'
' '
18:46:03 **** Incremental Build of configuration Debug for project MAS-projekt ****
make pre-build main-build 
a9-linaro-pre-build-step
' '
make: Ništa za napraviti za `main-build'.
